2026-04-28 00:02:14,821 - WARNING - Skipping file with long duration (0 days 09:51:35): /mnt/nfs/lss/vosslabhpc/Projects/BOOST/InterventionStudy/3-experiment/data/polarhrcsv/Supervised/sub8006/8006_wk6_ses29.CSV
2026-04-28 00:02:37,951 - WARNING - Skipping file with long duration (0 days 04:44:14): /mnt/nfs/lss/vosslabhpc/Projects/BOOST/InterventionStudy/3-experiment/data/polarhrcsv/Supervised/sub8020/8020_wk6_ses30.CSV
2026-04-28 00:02:38,464 - WARNING - Skipping file with long duration (0 days 05:52:09): /mnt/nfs/lss/vosslabhpc/Projects/BOOST/InterventionStudy/3-experiment/data/polarhrcsv/Supervised/sub8020/8020_wk5_ses21.CSV
2026-04-28 00:02:40,950 - WARNING - Skipping file with long duration (0 days 11:04:25): /mnt/nfs/lss/vosslabhpc/Projects/BOOST/InterventionStudy/3-experiment/data/polarhrcsv/Supervised/sub8020/8020_wk5_ses23.CSV
2026-04-28 00:02:41,751 - WARNING - Skipping file with long duration (0 days 10:29:40): /mnt/nfs/lss/vosslabhpc/Projects/BOOST/InterventionStudy/3-experiment/data/polarhrcsv/Supervised/sub8020/8020_wk5_ses24.CSV
2026-04-28 00:03:21,803 - WARNING - Skipping file with long duration (0 days 04:22:21): /mnt/nfs/lss/vosslabhpc/Projects/BOOST/InterventionStudy/3-experiment/data/polarhrcsv/Supervised/sub8030/8030_wk1_ses3.CSV
2026-04-28 00:03:21,962 - WARNING - Skipping file with long duration (0 days 04:08:16): /mnt/nfs/lss/vosslabhpc/Projects/BOOST/InterventionStudy/3-experiment/data/polarhrcsv/Supervised/sub8030/8030_wk2_ses10.CSV
2026-04-28 00:03:22,521 - WARNING - Skipping file with long duration (0 days 11:28:11): /mnt/nfs/lss/vosslabhpc/Projects/BOOST/InterventionStudy/3-experiment/data/polarhrcsv/Supervised/sub8030/8030_wk1_ses4.CSV
2026-04-28 00:03:24,139 - WARNING - Found 1649 time values with hour >= 24 in /mnt/nfs/lss/vosslabhpc/Projects/BOOST/InterventionStudy/3-experiment/data/polarhrcsv/Supervised/sub8030/8030_wk3_ses11.CSV (sample 24:00:00); normalizing to HH%24
2026-04-28 00:03:24,340 - WARNING - Skipping file with long duration (1 days 00:27:28): /mnt/nfs/lss/vosslabhpc/Projects/BOOST/InterventionStudy/3-experiment/data/polarhrcsv/Supervised/sub8030/8030_wk3_ses11.CSV
2026-04-28 00:03:44,965 - WARNING - Found 18013 time values with hour >= 24 in /mnt/nfs/lss/vosslabhpc/Projects/BOOST/InterventionStudy/3-experiment/data/polarhrcsv/Supervised/sub8019/8019_wk1_ses4.CSV (sample 24:00:00); normalizing to HH%24
2026-04-28 00:03:45,212 - WARNING - Skipping file with long duration (1 days 05:00:12): /mnt/nfs/lss/vosslabhpc/Projects/BOOST/InterventionStudy/3-experiment/data/polarhrcsv/Supervised/sub8019/8019_wk1_ses4.CSV
2026-04-28 00:04:58,879 - WARNING - Skipping file with long duration (0 days 05:03:49): /mnt/nfs/lss/vosslabhpc/Projects/BOOST/InterventionStudy/3-experiment/data/polarhrcsv/Supervised/sub8003/8003_wk2_ses9.CSV
2026-04-28 00:05:00,203 - WARNING - Skipping file with long duration (0 days 18:46:08): /mnt/nfs/lss/vosslabhpc/Projects/BOOST/InterventionStudy/3-experiment/data/polarhrcsv/Supervised/sub8003/8003_wk1_ses3.CSV
2026-04-28 00:05:00,924 - WARNING - Found 4837 time values with hour >= 24 in /mnt/nfs/lss/vosslabhpc/Projects/BOOST/InterventionStudy/3-experiment/data/polarhrcsv/Supervised/sub8003/8003_wk6_ses27.CSV (sample 24:00:00); normalizing to HH%24
2026-04-28 00:05:01,125 - WARNING - Skipping file with long duration (1 days 01:20:36): /mnt/nfs/lss/vosslabhpc/Projects/BOOST/InterventionStudy/3-experiment/data/polarhrcsv/Supervised/sub8003/8003_wk6_ses27.CSV
2026-04-28 00:05:05,639 - WARNING - Skipping file with long duration (0 days 21:12:48): /mnt/nfs/lss/vosslabhpc/Projects/BOOST/InterventionStudy/3-experiment/data/polarhrcsv/Supervised/sub8003/8003_wk4_ses18.CSV
2026-04-28 00:05:20,487 - WARNING - Skipping file with long duration (0 days 13:35:13): /mnt/nfs/lss/vosslabhpc/Projects/BOOST/InterventionStudy/3-experiment/data/polarhrcsv/Supervised/sub8036/8036_wk4_ses11.CSV
2026-04-28 00:05:21,103 - WARNING - Skipping file with long duration (0 days 14:17:34): /mnt/nfs/lss/vosslabhpc/Projects/BOOST/InterventionStudy/3-experiment/data/polarhrcsv/Supervised/sub8036/8036_wk4_ses9.CSV
2026-04-28 00:05:21,583 - WARNING - Could not parse week from filename: 8036_wk_ses14.CSV; skipping
2026-04-28 00:05:21,583 - WARNING - Skipping file with unparseable week: /mnt/nfs/lss/vosslabhpc/Projects/BOOST/InterventionStudy/3-experiment/data/polarhrcsv/Supervised/sub8036/8036_wk_ses14.CSV
2026-04-28 00:05:21,760 - WARNING - Skipping file with long duration (0 days 04:12:43): /mnt/nfs/lss/vosslabhpc/Projects/BOOST/InterventionStudy/3-experiment/data/polarhrcsv/Supervised/sub8036/8036_wk4_ses12.CSV
2026-04-28 00:05:22,241 - WARNING - Skipping file with long duration (0 days 07:01:04): /mnt/nfs/lss/vosslabhpc/Projects/BOOST/InterventionStudy/3-experiment/data/polarhrcsv/Supervised/sub8036/8036_wk3_ses5.CSV
2026-04-28 00:05:59,094 - WARNING - Skipping file with long duration (0 days 12:52:08): /mnt/nfs/lss/vosslabhpc/Projects/BOOST/InterventionStudy/3-experiment/data/polarhrcsv/Supervised/sub8084/8084_wk4_ses12.CSV
2026-04-28 00:06:35,426 - WARNING - Skipping file with long duration (0 days 12:54:07): /mnt/nfs/lss/vosslabhpc/Projects/BOOST/InterventionStudy/3-experiment/data/polarhrcsv/Unsupervised/sub8003/8003_wk10_ses17.CSV
2026-04-28 00:06:36,558 - WARNING - Skipping file with long duration (0 days 23:16:19): /mnt/nfs/lss/vosslabhpc/Projects/BOOST/InterventionStudy/3-experiment/data/polarhrcsv/Unsupervised/sub8003/8003_wk9_ses15.CSV
2026-04-28 00:06:37,352 - WARNING - Skipping file with long duration (0 days 13:50:59): /mnt/nfs/lss/vosslabhpc/Projects/BOOST/InterventionStudy/3-experiment/data/polarhrcsv/Unsupervised/sub8003/8003_wk11_ses22.CSV
2026-04-28 00:06:38,596 - WARNING - Skipping file with long duration (0 days 14:01:11): /mnt/nfs/lss/vosslabhpc/Projects/BOOST/InterventionStudy/3-experiment/data/polarhrcsv/Unsupervised/sub8003/8003_wk11_ses24.CSV
2026-04-28 00:06:39,364 - WARNING - Skipping file with long duration (0 days 14:25:24): /mnt/nfs/lss/vosslabhpc/Projects/BOOST/InterventionStudy/3-experiment/data/polarhrcsv/Unsupervised/sub8003/8003_wk10_ses16.CSV
2026-04-28 00:06:39,759 - WARNING - Skipping file with long duration (0 days 15:05:24): /mnt/nfs/lss/vosslabhpc/Projects/BOOST/InterventionStudy/3-experiment/data/polarhrcsv/Unsupervised/sub8003/8003_wk10_ses18.CSV
2026-04-28 00:06:41,140 - WARNING - Found 176550 time values with hour >= 24 in /mnt/nfs/lss/vosslabhpc/Projects/BOOST/InterventionStudy/3-experiment/data/polarhrcsv/Unsupervised/sub8003/8003_wk8_ses10.CSV (sample 24:00:00); normalizing to HH%24
2026-04-28 00:06:41,765 - WARNING - Skipping file with long duration (3 days 01:02:29): /mnt/nfs/lss/vosslabhpc/Projects/BOOST/InterventionStudy/3-experiment/data/polarhrcsv/Unsupervised/sub8003/8003_wk8_ses10.CSV
2026-04-28 00:06:42,687 - WARNING - Found 12668 time values with hour >= 24 in /mnt/nfs/lss/vosslabhpc/Projects/BOOST/InterventionStudy/3-experiment/data/polarhrcsv/Unsupervised/sub8003/8003_wk12_ses29.CSV (sample 24:00:00); normalizing to HH%24
2026-04-28 00:06:42,914 - WARNING - Skipping file with long duration (1 days 03:31:07): /mnt/nfs/lss/vosslabhpc/Projects/BOOST/InterventionStudy/3-experiment/data/polarhrcsv/Unsupervised/sub8003/8003_wk12_ses29.CSV
2026-04-28 00:06:43,257 - WARNING - Skipping file with long duration (0 days 14:54:55): /mnt/nfs/lss/vosslabhpc/Projects/BOOST/InterventionStudy/3-experiment/data/polarhrcsv/Unsupervised/sub8003/8003_wk12_ses27.CSV
2026-04-28 00:06:44,486 - WARNING - Skipping file with long duration (0 days 15:35:06): /mnt/nfs/lss/vosslabhpc/Projects/BOOST/InterventionStudy/3-experiment/data/polarhrcsv/Unsupervised/sub8003/8003_wk12_ses28.CSV
2026-04-28 00:06:53,716 - WARNING - Skipping file with long duration (0 days 15:33:12): /mnt/nfs/lss/vosslabhpc/Projects/BOOST/InterventionStudy/3-experiment/data/polarhrcsv/Unsupervised/sub8036/8036_wk10_ses16.CSV
2026-04-28 00:06:54,018 - WARNING - Skipping file with long duration (0 days 08:52:19): /mnt/nfs/lss/vosslabhpc/Projects/BOOST/InterventionStudy/3-experiment/data/polarhrcsv/Unsupervised/sub8036/8036_wk10_ses15.CSV
2026-04-28 00:06:54,222 - WARNING - Skipping file with long duration (0 days 09:25:51): /mnt/nfs/lss/vosslabhpc/Projects/BOOST/InterventionStudy/3-experiment/data/polarhrcsv/Unsupervised/sub8036/8036_wk7_ses2.CSV
2026-04-28 00:06:54,418 - WARNING - Skipping file with long duration (0 days 06:34:48): /mnt/nfs/lss/vosslabhpc/Projects/BOOST/InterventionStudy/3-experiment/data/polarhrcsv/Unsupervised/sub8036/8036_wk9_ses11.CSV
2026-04-28 00:07:39,538 - WARNING - Could not parse week from filename: 8026-wk7_ses2.CSV; skipping
2026-04-28 00:07:39,538 - WARNING - Skipping file with unparseable week: /mnt/nfs/lss/vosslabhpc/Projects/BOOST/InterventionStudy/3-experiment/data/polarhrcsv/Unsupervised/sub8026/8026-wk7_ses2.CSV
2026-04-28 00:07:47,141 - WARNING - Found 2754 time values with hour >= 24 in /mnt/nfs/lss/vosslabhpc/Projects/BOOST/InterventionStudy/3-experiment/data/polarhrcsv/Unsupervised/sub8063/8063_wk9_ses14.CSV (sample 24:00:00); normalizing to HH%24
2026-04-28 00:07:47,352 - WARNING - Skipping file with long duration (1 days 00:45:53): /mnt/nfs/lss/vosslabhpc/Projects/BOOST/InterventionStudy/3-experiment/data/polarhrcsv/Unsupervised/sub8063/8063_wk9_ses14.CSV
2026-04-28 00:08:13,007 - WARNING - Skipping file with long duration (0 days 21:03:06): /mnt/nfs/lss/vosslabhpc/Projects/BOOST/InterventionStudy/3-experiment/data/polarhrcsv/Unsupervised/sub8002/8002_wk9_ses13.CSV
2026-04-28 00:08:20,812 - WARNING - Skipping file with long duration (0 days 11:35:26): /mnt/nfs/lss/vosslabhpc/Projects/BOOST/InterventionStudy/3-experiment/data/polarhrcsv/Unsupervised/sub8030/8030_wk11_ses17.CSV
2026-04-28 00:08:21,985 - WARNING - Skipping file with long duration (0 days 09:17:23): /mnt/nfs/lss/vosslabhpc/Projects/BOOST/InterventionStudy/3-experiment/data/polarhrcsv/Unsupervised/sub8030/8030_wk8_ses7.CSV
2026-04-28 00:08:22,371 - WARNING - Skipping file with long duration (0 days 09:36:14): /mnt/nfs/lss/vosslabhpc/Projects/BOOST/InterventionStudy/3-experiment/data/polarhrcsv/Unsupervised/sub8030/8030_wk7_ses4.CSV
2026-04-28 00:08:22,696 - WARNING - Skipping file with long duration (0 days 04:23:53): /mnt/nfs/lss/vosslabhpc/Projects/BOOST/InterventionStudy/3-experiment/data/polarhrcsv/Unsupervised/sub8030/8030_wk10_ses15.CSV
2026-04-28 00:08:23,739 - WARNING - Skipping file with long duration (0 days 04:01:41): /mnt/nfs/lss/vosslabhpc/Projects/BOOST/InterventionStudy/3-experiment/data/polarhrcsv/Unsupervised/sub8030/8030_wk9_ses10.CSV
2026-04-28 00:08:24,033 - WARNING - Skipping file with long duration (0 days 04:27:04): /mnt/nfs/lss/vosslabhpc/Projects/BOOST/InterventionStudy/3-experiment/data/polarhrcsv/Unsupervised/sub8030/8030_wk10_ses13.CSV
2026-04-28 00:08:31,713 - WARNING - Skipping file with long duration (0 days 11:33:20): /mnt/nfs/lss/vosslabhpc/Projects/BOOST/InterventionStudy/3-experiment/data/polarhrcsv/Unsupervised/sub8011/8011_wk10_ses8.CSV
2026-04-28 00:08:32,152 - WARNING - Found 41732 time values with hour >= 24 in /mnt/nfs/lss/vosslabhpc/Projects/BOOST/InterventionStudy/3-experiment/data/polarhrcsv/Unsupervised/sub8011/8011_wk12_ses13.CSV (sample 24:00:00); normalizing to HH%24
2026-04-28 00:08:32,445 - WARNING - Skipping file with long duration (1 days 11:35:31): /mnt/nfs/lss/vosslabhpc/Projects/BOOST/InterventionStudy/3-experiment/data/polarhrcsv/Unsupervised/sub8011/8011_wk12_ses13.CSV
2026-04-28 00:08:34,042 - WARNING - Skipping file with long duration (0 days 04:52:27): /mnt/nfs/lss/vosslabhpc/Projects/BOOST/InterventionStudy/3-experiment/data/polarhrcsv/Unsupervised/sub8011/8011_wk7_ses2.CSV
2026-04-28 00:09:11,580 - WARNING - Skipping file with long duration (0 days 12:55:13): /mnt/nfs/lss/vosslabhpc/Projects/BOOST/InterventionStudy/3-experiment/data/polarhrcsv/Unsupervised/sub8018/8018_wk12_ses16.CSV
2026-04-28 00:09:12,282 - WARNING - Skipping file with long duration (0 days 16:29:05): /mnt/nfs/lss/vosslabhpc/Projects/BOOST/InterventionStudy/3-experiment/data/polarhrcsv/Unsupervised/sub8018/8018_wk8_ses8.CSV
2026-04-28 00:09:12,753 - WARNING - Skipping file with long duration (0 days 13:17:43): /mnt/nfs/lss/vosslabhpc/Projects/BOOST/InterventionStudy/3-experiment/data/polarhrcsv/Unsupervised/sub8018/8018_wk7_ses1.CSV
2026-04-28 00:09:14,263 - WARNING - Skipping file with long duration (0 days 04:44:14): /mnt/nfs/lss/vosslabhpc/Projects/BOOST/InterventionStudy/3-experiment/data/polarhrcsv/Unsupervised/sub8020/8020_wk7_ses1.CSV
2026-04-28 00:09:17,746 - WARNING - Skipping file with long duration (0 days 05:08:29): /mnt/nfs/lss/vosslabhpc/Projects/BOOST/InterventionStudy/3-experiment/data/polarhrcsv/Unsupervised/sub8020/8020_wk7_ses5.CSV
2026-04-28 00:09:21,212 - WARNING - Skipping file with long duration (0 days 12:25:52): /mnt/nfs/lss/vosslabhpc/Projects/BOOST/InterventionStudy/3-experiment/data/polarhrcsv/Unsupervised/sub8020/8020_wk7_ses4.CSV
2026-04-28 00:09:22,339 - INFO - QC summary written: qc_out.csv (1521 rows)
2026-04-28 00:09:22,369 - INFO - Zone QC summary written: zone_out.csv (1910 rows)
