2025-10-23 00:01:18,075 - INFO - NumExpr defaulting to 4 threads.
2025-10-23 00:01:18,516 - DEBUG - Processing session: /mnt/nfs/lss/vosslabhpc/Projects/BOOST/InterventionStudy/3-Experiment/data/polarhrcsv/Supervised
2025-10-23 00:01:31,987 - DEBUG - running missing check
2025-10-23 00:01:31,999 - DEBUG - running phantom zone qc
2025-10-23 00:01:32,170 - DEBUG - running missing check
2025-10-23 00:01:32,181 - DEBUG - running phantom zone qc
2025-10-23 00:01:32,377 - DEBUG - running missing check
2025-10-23 00:01:32,388 - DEBUG - running phantom zone qc
2025-10-23 00:01:32,692 - DEBUG - running missing check
2025-10-23 00:01:32,704 - DEBUG - running phantom zone qc
2025-10-23 00:01:32,994 - DEBUG - running missing check
2025-10-23 00:01:33,005 - DEBUG - running phantom zone qc
2025-10-23 00:01:33,275 - DEBUG - running missing check
2025-10-23 00:01:33,286 - DEBUG - running phantom zone qc
2025-10-23 00:01:33,695 - DEBUG - running missing check
2025-10-23 00:01:33,706 - DEBUG - running phantom zone qc
2025-10-23 00:01:33,953 - DEBUG - running missing check
2025-10-23 00:01:33,964 - DEBUG - running phantom zone qc
2025-10-23 00:01:34,072 - DEBUG - running missing check
2025-10-23 00:01:34,083 - DEBUG - running phantom zone qc
2025-10-23 00:01:34,173 - DEBUG - running missing check
2025-10-23 00:01:34,185 - DEBUG - running phantom zone qc
2025-10-23 00:01:34,405 - DEBUG - running missing check
2025-10-23 00:01:34,416 - DEBUG - running phantom zone qc
2025-10-23 00:01:34,561 - DEBUG - running missing check
2025-10-23 00:01:34,573 - DEBUG - running phantom zone qc
2025-10-23 00:01:34,887 - DEBUG - running missing check
2025-10-23 00:01:34,896 - DEBUG - running phantom zone qc
2025-10-23 00:01:35,045 - DEBUG - running missing check
2025-10-23 00:01:35,055 - DEBUG - running phantom zone qc
2025-10-23 00:01:35,190 - DEBUG - running missing check
2025-10-23 00:01:35,199 - DEBUG - running phantom zone qc
2025-10-23 00:01:35,412 - DEBUG - running missing check
2025-10-23 00:01:35,421 - DEBUG - running phantom zone qc
2025-10-23 00:01:35,486 - DEBUG - running missing check
2025-10-23 00:01:35,494 - DEBUG - running phantom zone qc
2025-10-23 00:01:35,816 - DEBUG - running missing check
2025-10-23 00:01:35,824 - DEBUG - running phantom zone qc
2025-10-23 00:01:35,894 - DEBUG - running missing check
2025-10-23 00:01:35,903 - DEBUG - running phantom zone qc
2025-10-23 00:01:36,071 - DEBUG - running missing check
2025-10-23 00:01:36,079 - DEBUG - running phantom zone qc
2025-10-23 00:01:36,159 - DEBUG - running missing check
2025-10-23 00:01:36,167 - DEBUG - running phantom zone qc
2025-10-23 00:01:36,402 - DEBUG - running missing check
2025-10-23 00:01:36,412 - DEBUG - running phantom zone qc
2025-10-23 00:01:36,667 - DEBUG - running missing check
2025-10-23 00:01:36,677 - DEBUG - running phantom zone qc
2025-10-23 00:01:36,937 - DEBUG - running missing check
2025-10-23 00:01:36,960 - DEBUG - running phantom zone qc
2025-10-23 00:01:37,102 - DEBUG - running missing check
2025-10-23 00:01:37,113 - DEBUG - running phantom zone qc
2025-10-23 00:01:37,470 - DEBUG - running missing check
2025-10-23 00:01:37,478 - DEBUG - running phantom zone qc
2025-10-23 00:01:37,666 - DEBUG - running missing check
2025-10-23 00:01:37,678 - DEBUG - running phantom zone qc
2025-10-23 00:01:37,881 - DEBUG - running missing check
2025-10-23 00:01:37,889 - DEBUG - running phantom zone qc
2025-10-23 00:01:38,448 - DEBUG - running missing check
2025-10-23 00:01:38,460 - DEBUG - running phantom zone qc
2025-10-23 00:01:38,619 - DEBUG - running missing check
2025-10-23 00:01:38,630 - DEBUG - running phantom zone qc
2025-10-23 00:01:38,884 - DEBUG - running missing check
2025-10-23 00:01:38,893 - DEBUG - running phantom zone qc
2025-10-23 00:01:39,046 - DEBUG - running missing check
2025-10-23 00:01:39,060 - DEBUG - running phantom zone qc
2025-10-23 00:01:39,274 - DEBUG - running missing check
2025-10-23 00:01:39,286 - DEBUG - running phantom zone qc
2025-10-23 00:01:39,567 - DEBUG - running missing check
2025-10-23 00:01:39,579 - DEBUG - running phantom zone qc
2025-10-23 00:01:39,845 - DEBUG - running missing check
2025-10-23 00:01:39,857 - DEBUG - running phantom zone qc
2025-10-23 00:01:40,045 - DEBUG - running missing check
2025-10-23 00:01:40,054 - DEBUG - running phantom zone qc
2025-10-23 00:01:40,209 - DEBUG - running missing check
2025-10-23 00:01:40,221 - DEBUG - running phantom zone qc
2025-10-23 00:01:40,257 - DEBUG - running missing check
2025-10-23 00:01:40,266 - DEBUG - running phantom zone qc
2025-10-23 00:01:40,562 - DEBUG - running missing check
2025-10-23 00:01:40,574 - DEBUG - running phantom zone qc
2025-10-23 00:01:41,184 - DEBUG - running missing check
2025-10-23 00:01:41,197 - DEBUG - running phantom zone qc
2025-10-23 00:01:41,253 - DEBUG - running missing check
2025-10-23 00:01:41,262 - DEBUG - running phantom zone qc
2025-10-23 00:01:41,698 - DEBUG - running missing check
2025-10-23 00:01:41,707 - DEBUG - running phantom zone qc
2025-10-23 00:01:41,844 - DEBUG - running missing check
2025-10-23 00:01:41,856 - DEBUG - running phantom zone qc
2025-10-23 00:01:42,057 - DEBUG - running missing check
2025-10-23 00:01:42,070 - DEBUG - running phantom zone qc
2025-10-23 00:01:42,101 - DEBUG - running missing check
2025-10-23 00:01:42,111 - DEBUG - running phantom zone qc
2025-10-23 00:01:42,500 - DEBUG - running missing check
2025-10-23 00:01:42,510 - DEBUG - running phantom zone qc
2025-10-23 00:01:42,616 - DEBUG - running missing check
2025-10-23 00:01:42,628 - DEBUG - running phantom zone qc
2025-10-23 00:01:42,887 - DEBUG - running missing check
2025-10-23 00:01:42,897 - DEBUG - running phantom zone qc
2025-10-23 00:01:43,231 - DEBUG - running missing check
2025-10-23 00:01:43,243 - DEBUG - running phantom zone qc
2025-10-23 00:01:43,341 - DEBUG - running missing check
2025-10-23 00:01:43,352 - DEBUG - running phantom zone qc
2025-10-23 00:01:43,545 - DEBUG - running missing check
2025-10-23 00:01:43,557 - DEBUG - running phantom zone qc
2025-10-23 00:01:43,975 - DEBUG - running missing check
2025-10-23 00:01:43,987 - DEBUG - running phantom zone qc
2025-10-23 00:01:44,227 - DEBUG - running missing check
2025-10-23 00:01:44,239 - DEBUG - running phantom zone qc
2025-10-23 00:01:44,568 - DEBUG - running missing check
2025-10-23 00:01:44,578 - DEBUG - running phantom zone qc
2025-10-23 00:01:45,058 - DEBUG - running missing check
2025-10-23 00:01:45,070 - DEBUG - running phantom zone qc
2025-10-23 00:01:45,279 - DEBUG - running missing check
2025-10-23 00:01:45,292 - DEBUG - running phantom zone qc
2025-10-23 00:01:45,423 - DEBUG - running missing check
2025-10-23 00:01:45,435 - DEBUG - running phantom zone qc
2025-10-23 00:01:45,635 - DEBUG - running missing check
2025-10-23 00:01:45,645 - DEBUG - running phantom zone qc
2025-10-23 00:01:45,901 - DEBUG - running missing check
2025-10-23 00:01:45,916 - DEBUG - running phantom zone qc
2025-10-23 00:01:46,267 - DEBUG - running missing check
2025-10-23 00:01:46,276 - DEBUG - running phantom zone qc
2025-10-23 00:01:46,743 - DEBUG - running missing check
2025-10-23 00:01:46,752 - DEBUG - running phantom zone qc
2025-10-23 00:01:46,886 - DEBUG - running missing check
2025-10-23 00:01:46,894 - DEBUG - running phantom zone qc
2025-10-23 00:01:47,326 - DEBUG - running missing check
2025-10-23 00:01:47,338 - DEBUG - running phantom zone qc
2025-10-23 00:01:47,509 - DEBUG - running missing check
2025-10-23 00:01:47,521 - DEBUG - running phantom zone qc
2025-10-23 00:01:47,799 - DEBUG - running missing check
2025-10-23 00:01:47,807 - DEBUG - running phantom zone qc
2025-10-23 00:01:47,948 - DEBUG - running missing check
2025-10-23 00:01:47,958 - DEBUG - running phantom zone qc
2025-10-23 00:01:48,101 - DEBUG - running missing check
2025-10-23 00:01:48,116 - DEBUG - running phantom zone qc
2025-10-23 00:01:48,277 - DEBUG - running missing check
2025-10-23 00:01:48,332 - DEBUG - running phantom zone qc
2025-10-23 00:01:48,503 - DEBUG - running missing check
2025-10-23 00:01:48,514 - DEBUG - running phantom zone qc
2025-10-23 00:01:48,829 - DEBUG - running missing check
2025-10-23 00:01:48,837 - DEBUG - running phantom zone qc
2025-10-23 00:01:49,215 - DEBUG - running missing check
2025-10-23 00:01:49,227 - DEBUG - running phantom zone qc
2025-10-23 00:01:49,404 - DEBUG - running missing check
2025-10-23 00:01:49,416 - DEBUG - running phantom zone qc
2025-10-23 00:01:49,557 - DEBUG - running missing check
2025-10-23 00:01:49,568 - DEBUG - running phantom zone qc
2025-10-23 00:01:49,862 - DEBUG - running missing check
2025-10-23 00:01:49,874 - DEBUG - running phantom zone qc
2025-10-23 00:01:50,041 - DEBUG - running missing check
2025-10-23 00:01:50,050 - DEBUG - running phantom zone qc
2025-10-23 00:01:50,405 - DEBUG - running missing check
2025-10-23 00:01:50,417 - DEBUG - running phantom zone qc
2025-10-23 00:01:50,672 - DEBUG - running missing check
2025-10-23 00:01:50,681 - DEBUG - running phantom zone qc
2025-10-23 00:01:50,872 - DEBUG - running missing check
2025-10-23 00:01:50,884 - DEBUG - running phantom zone qc
2025-10-23 00:01:51,098 - DEBUG - running missing check
2025-10-23 00:01:51,110 - DEBUG - running phantom zone qc
2025-10-23 00:01:51,431 - DEBUG - running missing check
2025-10-23 00:01:51,440 - DEBUG - running phantom zone qc
2025-10-23 00:01:51,714 - DEBUG - running missing check
2025-10-23 00:01:51,723 - DEBUG - running phantom zone qc
2025-10-23 00:01:51,968 - DEBUG - running missing check
2025-10-23 00:01:51,977 - DEBUG - running phantom zone qc
2025-10-23 00:01:52,130 - DEBUG - running missing check
2025-10-23 00:01:52,142 - DEBUG - running phantom zone qc
2025-10-23 00:01:52,319 - DEBUG - running missing check
2025-10-23 00:01:52,328 - DEBUG - running phantom zone qc
2025-10-23 00:01:52,708 - DEBUG - running missing check
2025-10-23 00:01:52,717 - DEBUG - running phantom zone qc
2025-10-23 00:01:53,019 - DEBUG - running missing check
2025-10-23 00:01:53,028 - DEBUG - running phantom zone qc
2025-10-23 00:01:53,180 - DEBUG - running missing check
2025-10-23 00:01:53,191 - DEBUG - running phantom zone qc
2025-10-23 00:01:53,403 - DEBUG - running missing check
2025-10-23 00:01:53,414 - DEBUG - running phantom zone qc
2025-10-23 00:01:53,588 - DEBUG - running missing check
2025-10-23 00:01:53,597 - DEBUG - running phantom zone qc
2025-10-23 00:01:53,745 - DEBUG - running missing check
2025-10-23 00:01:53,757 - DEBUG - running phantom zone qc
2025-10-23 00:01:54,090 - DEBUG - running missing check
2025-10-23 00:01:54,100 - DEBUG - running phantom zone qc
2025-10-23 00:01:54,128 - DEBUG - running missing check
2025-10-23 00:01:54,138 - DEBUG - running phantom zone qc
2025-10-23 00:01:54,170 - DEBUG - running missing check
2025-10-23 00:01:54,179 - DEBUG - running phantom zone qc
2025-10-23 00:01:54,222 - DEBUG - running missing check
2025-10-23 00:01:54,231 - DEBUG - running phantom zone qc
2025-10-23 00:01:54,264 - DEBUG - running missing check
2025-10-23 00:01:54,273 - DEBUG - running phantom zone qc
2025-10-23 00:01:54,302 - DEBUG - running missing check
2025-10-23 00:01:54,311 - DEBUG - running phantom zone qc
2025-10-23 00:01:54,353 - DEBUG - running missing check
2025-10-23 00:01:54,362 - DEBUG - running phantom zone qc
2025-10-23 00:01:54,390 - DEBUG - running missing check
2025-10-23 00:01:54,399 - DEBUG - running phantom zone qc
2025-10-23 00:01:54,428 - DEBUG - running missing check
2025-10-23 00:01:54,438 - DEBUG - running phantom zone qc
2025-10-23 00:01:54,502 - DEBUG - running missing check
2025-10-23 00:01:54,511 - DEBUG - running phantom zone qc
2025-10-23 00:01:54,539 - DEBUG - running missing check
2025-10-23 00:01:54,548 - DEBUG - running phantom zone qc
2025-10-23 00:01:54,577 - DEBUG - running missing check
2025-10-23 00:01:54,587 - DEBUG - running phantom zone qc
2025-10-23 00:01:54,615 - DEBUG - running missing check
2025-10-23 00:01:54,624 - DEBUG - running phantom zone qc
2025-10-23 00:01:54,720 - DEBUG - running missing check
2025-10-23 00:01:54,730 - DEBUG - running phantom zone qc
2025-10-23 00:01:54,757 - DEBUG - running missing check
2025-10-23 00:01:54,765 - DEBUG - running phantom zone qc
2025-10-23 00:01:55,217 - DEBUG - running missing check
2025-10-23 00:01:55,226 - DEBUG - running phantom zone qc
2025-10-23 00:01:55,255 - DEBUG - running missing check
2025-10-23 00:01:55,264 - DEBUG - running phantom zone qc
2025-10-23 00:01:55,296 - DEBUG - running missing check
2025-10-23 00:01:55,305 - DEBUG - running phantom zone qc
2025-10-23 00:01:55,332 - DEBUG - running missing check
2025-10-23 00:01:55,341 - DEBUG - running phantom zone qc
2025-10-23 00:01:55,369 - DEBUG - running missing check
2025-10-23 00:01:55,378 - DEBUG - running phantom zone qc
2025-10-23 00:01:55,405 - DEBUG - running missing check
2025-10-23 00:01:55,414 - DEBUG - running phantom zone qc
2025-10-23 00:01:55,441 - DEBUG - running missing check
2025-10-23 00:01:55,465 - DEBUG - running phantom zone qc
2025-10-23 00:01:55,669 - DEBUG - running missing check
2025-10-23 00:01:55,678 - DEBUG - running phantom zone qc
2025-10-23 00:01:55,707 - DEBUG - running missing check
2025-10-23 00:01:55,716 - DEBUG - running phantom zone qc
2025-10-23 00:01:56,196 - DEBUG - running missing check
2025-10-23 00:01:56,206 - DEBUG - running phantom zone qc
2025-10-23 00:01:56,308 - DEBUG - running missing check
2025-10-23 00:01:56,317 - DEBUG - running phantom zone qc
2025-10-23 00:01:56,351 - DEBUG - running missing check
2025-10-23 00:01:56,361 - DEBUG - running phantom zone qc
2025-10-23 00:01:56,388 - DEBUG - running missing check
2025-10-23 00:01:56,397 - DEBUG - running phantom zone qc
2025-10-23 00:01:56,424 - DEBUG - running missing check
2025-10-23 00:01:56,433 - DEBUG - running phantom zone qc
2025-10-23 00:01:56,460 - DEBUG - running missing check
2025-10-23 00:01:56,469 - DEBUG - running phantom zone qc
2025-10-23 00:01:56,661 - DEBUG - running missing check
2025-10-23 00:01:56,670 - DEBUG - running phantom zone qc
2025-10-23 00:01:56,699 - DEBUG - running missing check
2025-10-23 00:01:56,708 - DEBUG - running phantom zone qc
2025-10-23 00:01:56,737 - DEBUG - running missing check
2025-10-23 00:01:56,746 - DEBUG - running phantom zone qc
2025-10-23 00:01:56,774 - DEBUG - running missing check
2025-10-23 00:01:56,784 - DEBUG - running phantom zone qc
2025-10-23 00:01:56,811 - DEBUG - running missing check
2025-10-23 00:01:56,821 - DEBUG - running phantom zone qc
2025-10-23 00:01:56,848 - DEBUG - running missing check
2025-10-23 00:01:56,857 - DEBUG - running phantom zone qc
2025-10-23 00:01:56,885 - DEBUG - running missing check
2025-10-23 00:01:56,895 - DEBUG - running phantom zone qc
2025-10-23 00:01:56,923 - DEBUG - running missing check
2025-10-23 00:01:56,932 - DEBUG - running phantom zone qc
2025-10-23 00:01:57,025 - DEBUG - running missing check
2025-10-23 00:01:57,046 - DEBUG - running phantom zone qc
2025-10-23 00:01:57,157 - DEBUG - running missing check
2025-10-23 00:01:57,166 - DEBUG - running phantom zone qc
2025-10-23 00:01:57,264 - DEBUG - running missing check
2025-10-23 00:01:57,274 - DEBUG - running phantom zone qc
2025-10-23 00:01:57,391 - DEBUG - running missing check
2025-10-23 00:01:57,403 - DEBUG - running phantom zone qc
2025-10-23 00:01:57,436 - DEBUG - running missing check
2025-10-23 00:01:57,445 - DEBUG - running phantom zone qc
2025-10-23 00:01:57,472 - DEBUG - running missing check
2025-10-23 00:01:57,481 - DEBUG - running phantom zone qc
2025-10-23 00:01:57,510 - DEBUG - running missing check
2025-10-23 00:01:57,518 - DEBUG - running phantom zone qc
2025-10-23 00:01:57,546 - DEBUG - running missing check
2025-10-23 00:01:57,554 - DEBUG - running phantom zone qc
2025-10-23 00:01:57,583 - DEBUG - running missing check
2025-10-23 00:01:57,591 - DEBUG - running phantom zone qc
2025-10-23 00:01:57,620 - DEBUG - running missing check
2025-10-23 00:01:57,628 - DEBUG - running phantom zone qc
2025-10-23 00:01:57,658 - DEBUG - running missing check
2025-10-23 00:01:57,666 - DEBUG - running phantom zone qc
2025-10-23 00:01:57,699 - DEBUG - running missing check
2025-10-23 00:01:57,709 - DEBUG - running phantom zone qc
2025-10-23 00:01:57,995 - DEBUG - running missing check
2025-10-23 00:01:58,008 - DEBUG - running phantom zone qc
2025-10-23 00:01:58,047 - DEBUG - running missing check
2025-10-23 00:01:58,060 - DEBUG - running phantom zone qc
2025-10-23 00:01:58,110 - DEBUG - running missing check
2025-10-23 00:01:58,123 - DEBUG - running phantom zone qc
2025-10-23 00:01:58,193 - DEBUG - running missing check
2025-10-23 00:01:58,206 - DEBUG - running phantom zone qc
2025-10-23 00:01:58,486 - DEBUG - running missing check
2025-10-23 00:01:58,501 - DEBUG - running phantom zone qc
2025-10-23 00:01:58,544 - DEBUG - running missing check
2025-10-23 00:01:58,558 - DEBUG - running phantom zone qc
2025-10-23 00:01:58,638 - DEBUG - running missing check
2025-10-23 00:01:58,653 - DEBUG - running phantom zone qc
2025-10-23 00:01:59,017 - DEBUG - running missing check
2025-10-23 00:01:59,030 - DEBUG - running phantom zone qc
2025-10-23 00:01:59,224 - DEBUG - running missing check
2025-10-23 00:01:59,238 - DEBUG - running phantom zone qc
2025-10-23 00:01:59,377 - DEBUG - running missing check
2025-10-23 00:01:59,393 - DEBUG - running phantom zone qc
2025-10-23 00:01:59,506 - DEBUG - running missing check
2025-10-23 00:01:59,521 - DEBUG - running phantom zone qc
2025-10-23 00:01:59,608 - DEBUG - running missing check
2025-10-23 00:01:59,622 - DEBUG - running phantom zone qc
2025-10-23 00:01:59,663 - DEBUG - running missing check
2025-10-23 00:01:59,677 - DEBUG - running phantom zone qc
2025-10-23 00:01:59,752 - DEBUG - running missing check
2025-10-23 00:01:59,767 - DEBUG - running phantom zone qc
2025-10-23 00:01:59,845 - DEBUG - running missing check
2025-10-23 00:01:59,859 - DEBUG - running phantom zone qc
2025-10-23 00:01:59,899 - DEBUG - running missing check
2025-10-23 00:01:59,926 - DEBUG - running phantom zone qc
2025-10-23 00:01:59,963 - DEBUG - running missing check
2025-10-23 00:01:59,976 - DEBUG - running phantom zone qc
2025-10-23 00:02:00,013 - DEBUG - running missing check
2025-10-23 00:02:00,027 - DEBUG - running phantom zone qc
2025-10-23 00:02:00,080 - DEBUG - running missing check
2025-10-23 00:02:00,093 - DEBUG - running phantom zone qc
2025-10-23 00:02:00,134 - DEBUG - running missing check
2025-10-23 00:02:00,148 - DEBUG - running phantom zone qc
2025-10-23 00:02:00,213 - DEBUG - running missing check
2025-10-23 00:02:00,226 - DEBUG - running phantom zone qc
2025-10-23 00:02:00,281 - DEBUG - running missing check
2025-10-23 00:02:00,294 - DEBUG - running phantom zone qc
2025-10-23 00:02:00,332 - DEBUG - running missing check
2025-10-23 00:02:00,346 - DEBUG - running phantom zone qc
2025-10-23 00:02:00,383 - DEBUG - running missing check
2025-10-23 00:02:00,397 - DEBUG - running phantom zone qc
2025-10-23 00:02:00,448 - DEBUG - running missing check
2025-10-23 00:02:00,462 - DEBUG - running phantom zone qc
2025-10-23 00:02:00,519 - DEBUG - running missing check
2025-10-23 00:02:00,528 - DEBUG - running phantom zone qc
2025-10-23 00:02:00,586 - DEBUG - running missing check
2025-10-23 00:02:00,596 - DEBUG - running phantom zone qc
2025-10-23 00:02:00,649 - DEBUG - running missing check
2025-10-23 00:02:00,660 - DEBUG - running phantom zone qc
2025-10-23 00:02:00,710 - DEBUG - running missing check
2025-10-23 00:02:00,719 - DEBUG - running phantom zone qc
2025-10-23 00:02:00,998 - DEBUG - running missing check
2025-10-23 00:02:01,007 - DEBUG - running phantom zone qc
2025-10-23 00:02:01,253 - DEBUG - running missing check
2025-10-23 00:02:01,262 - DEBUG - running phantom zone qc
2025-10-23 00:02:01,509 - DEBUG - running missing check
2025-10-23 00:02:01,519 - DEBUG - running phantom zone qc
2025-10-23 00:02:01,550 - DEBUG - running missing check
2025-10-23 00:02:01,558 - DEBUG - running phantom zone qc
2025-10-23 00:02:01,587 - DEBUG - running missing check
2025-10-23 00:02:01,596 - DEBUG - running phantom zone qc
2025-10-23 00:02:01,624 - DEBUG - running missing check
2025-10-23 00:02:01,633 - DEBUG - running phantom zone qc
2025-10-23 00:02:01,677 - DEBUG - running missing check
2025-10-23 00:02:01,687 - DEBUG - running phantom zone qc
2025-10-23 00:02:01,715 - DEBUG - running missing check
2025-10-23 00:02:01,724 - DEBUG - running phantom zone qc
2025-10-23 00:02:01,752 - DEBUG - running missing check
2025-10-23 00:02:01,761 - DEBUG - running phantom zone qc
2025-10-23 00:02:01,790 - DEBUG - running missing check
2025-10-23 00:02:01,800 - DEBUG - running phantom zone qc
2025-10-23 00:02:01,888 - DEBUG - running missing check
2025-10-23 00:02:01,900 - DEBUG - running phantom zone qc
2025-10-23 00:02:01,985 - DEBUG - running missing check
2025-10-23 00:02:01,995 - DEBUG - running phantom zone qc
2025-10-23 00:02:02,342 - DEBUG - running missing check
2025-10-23 00:02:02,352 - DEBUG - running phantom zone qc
2025-10-23 00:02:02,605 - DEBUG - running missing check
2025-10-23 00:02:02,614 - DEBUG - running phantom zone qc
2025-10-23 00:02:02,752 - DEBUG - running missing check
2025-10-23 00:02:02,761 - DEBUG - running phantom zone qc
2025-10-23 00:02:02,973 - DEBUG - running missing check
2025-10-23 00:02:02,984 - DEBUG - running phantom zone qc
2025-10-23 00:02:03,014 - DEBUG - running missing check
2025-10-23 00:02:03,024 - DEBUG - running phantom zone qc
2025-10-23 00:02:03,395 - DEBUG - running missing check
2025-10-23 00:02:03,404 - DEBUG - running phantom zone qc
2025-10-23 00:02:03,522 - DEBUG - running missing check
2025-10-23 00:02:03,533 - DEBUG - running phantom zone qc
2025-10-23 00:02:03,727 - DEBUG - running missing check
2025-10-23 00:02:03,739 - DEBUG - running phantom zone qc
2025-10-23 00:02:03,787 - DEBUG - running missing check
2025-10-23 00:02:03,796 - DEBUG - running phantom zone qc
2025-10-23 00:02:03,831 - DEBUG - running missing check
2025-10-23 00:02:03,840 - DEBUG - running phantom zone qc
2025-10-23 00:02:03,870 - DEBUG - running missing check
2025-10-23 00:02:03,880 - DEBUG - running phantom zone qc
2025-10-23 00:02:03,909 - DEBUG - running missing check
2025-10-23 00:02:03,919 - DEBUG - running phantom zone qc
2025-10-23 00:02:03,948 - DEBUG - running missing check
2025-10-23 00:02:03,958 - DEBUG - running phantom zone qc
2025-10-23 00:02:04,001 - DEBUG - running missing check
2025-10-23 00:02:04,010 - DEBUG - running phantom zone qc
2025-10-23 00:02:04,207 - DEBUG - running missing check
2025-10-23 00:02:04,217 - DEBUG - running phantom zone qc
2025-10-23 00:02:04,358 - DEBUG - running missing check
2025-10-23 00:02:04,367 - DEBUG - running phantom zone qc
2025-10-23 00:02:04,395 - DEBUG - running missing check
2025-10-23 00:02:04,403 - DEBUG - running phantom zone qc
2025-10-23 00:02:04,431 - DEBUG - running missing check
2025-10-23 00:02:04,440 - DEBUG - running phantom zone qc
2025-10-23 00:02:04,548 - DEBUG - running missing check
2025-10-23 00:02:04,572 - DEBUG - running phantom zone qc
2025-10-23 00:02:04,688 - DEBUG - running missing check
2025-10-23 00:02:04,700 - DEBUG - running phantom zone qc
2025-10-23 00:02:04,745 - DEBUG - running missing check
2025-10-23 00:02:04,753 - DEBUG - running phantom zone qc
2025-10-23 00:02:04,781 - DEBUG - running missing check
2025-10-23 00:02:04,790 - DEBUG - running phantom zone qc
2025-10-23 00:02:04,841 - DEBUG - running missing check
2025-10-23 00:02:04,854 - DEBUG - running phantom zone qc
2025-10-23 00:02:04,885 - DEBUG - running missing check
2025-10-23 00:02:04,893 - DEBUG - running phantom zone qc
2025-10-23 00:02:04,919 - DEBUG - running missing check
2025-10-23 00:02:04,927 - DEBUG - running phantom zone qc
2025-10-23 00:02:04,953 - DEBUG - running missing check
2025-10-23 00:02:04,961 - DEBUG - running phantom zone qc
2025-10-23 00:02:04,988 - DEBUG - running missing check
2025-10-23 00:02:04,997 - DEBUG - running phantom zone qc
2025-10-23 00:02:05,024 - DEBUG - running missing check
2025-10-23 00:02:05,032 - DEBUG - running phantom zone qc
2025-10-23 00:02:05,060 - DEBUG - running missing check
2025-10-23 00:02:05,069 - DEBUG - running phantom zone qc
2025-10-23 00:02:05,095 - DEBUG - running missing check
2025-10-23 00:02:05,105 - DEBUG - running phantom zone qc
2025-10-23 00:02:05,188 - DEBUG - running missing check
2025-10-23 00:02:05,196 - DEBUG - running phantom zone qc
2025-10-23 00:02:05,228 - DEBUG - running missing check
2025-10-23 00:02:05,237 - DEBUG - running phantom zone qc
2025-10-23 00:02:05,436 - DEBUG - running missing check
2025-10-23 00:02:05,446 - DEBUG - running phantom zone qc
2025-10-23 00:02:05,474 - DEBUG - running missing check
2025-10-23 00:02:05,482 - DEBUG - running phantom zone qc
2025-10-23 00:02:05,509 - DEBUG - running missing check
2025-10-23 00:02:05,518 - DEBUG - running phantom zone qc
2025-10-23 00:02:05,548 - DEBUG - running missing check
2025-10-23 00:02:05,556 - DEBUG - running phantom zone qc
2025-10-23 00:02:05,648 - DEBUG - running missing check
2025-10-23 00:02:05,657 - DEBUG - running phantom zone qc
2025-10-23 00:02:05,823 - DEBUG - running missing check
2025-10-23 00:02:05,835 - DEBUG - running phantom zone qc
2025-10-23 00:02:05,864 - DEBUG - running missing check
2025-10-23 00:02:05,873 - DEBUG - running phantom zone qc
2025-10-23 00:02:05,906 - DEBUG - running missing check
2025-10-23 00:02:05,914 - DEBUG - running phantom zone qc
2025-10-23 00:02:05,941 - DEBUG - running missing check
2025-10-23 00:02:05,950 - DEBUG - running phantom zone qc
2025-10-23 00:02:06,049 - DEBUG - running missing check
2025-10-23 00:02:06,058 - DEBUG - running phantom zone qc
2025-10-23 00:02:06,385 - DEBUG - running missing check
2025-10-23 00:02:06,394 - DEBUG - running phantom zone qc
2025-10-23 00:02:06,644 - DEBUG - running missing check
2025-10-23 00:02:06,653 - DEBUG - running phantom zone qc
2025-10-23 00:02:06,680 - DEBUG - running missing check
2025-10-23 00:02:06,689 - DEBUG - running phantom zone qc
2025-10-23 00:02:06,716 - DEBUG - running missing check
2025-10-23 00:02:06,725 - DEBUG - running phantom zone qc
2025-10-23 00:02:06,759 - DEBUG - running missing check
2025-10-23 00:02:06,768 - DEBUG - running phantom zone qc
2025-10-23 00:02:06,796 - DEBUG - running missing check
2025-10-23 00:02:06,804 - DEBUG - running phantom zone qc
2025-10-23 00:02:06,832 - DEBUG - running missing check
2025-10-23 00:02:06,840 - DEBUG - running phantom zone qc
2025-10-23 00:02:06,868 - DEBUG - running missing check
2025-10-23 00:02:06,877 - DEBUG - running phantom zone qc
2025-10-23 00:02:06,938 - DEBUG - running missing check
2025-10-23 00:02:06,947 - DEBUG - running phantom zone qc
2025-10-23 00:02:06,980 - DEBUG - running missing check
2025-10-23 00:02:06,989 - DEBUG - running phantom zone qc
2025-10-23 00:02:07,093 - DEBUG - running missing check
2025-10-23 00:02:07,103 - DEBUG - running phantom zone qc
2025-10-23 00:02:07,132 - DEBUG - running missing check
2025-10-23 00:02:07,142 - DEBUG - running phantom zone qc
2025-10-23 00:02:07,225 - DEBUG - running missing check
2025-10-23 00:02:07,235 - DEBUG - running phantom zone qc
2025-10-23 00:02:07,295 - DEBUG - running missing check
2025-10-23 00:02:07,305 - DEBUG - running phantom zone qc
2025-10-23 00:02:07,355 - DEBUG - running missing check
2025-10-23 00:02:07,363 - DEBUG - running phantom zone qc
2025-10-23 00:02:07,390 - DEBUG - running missing check
2025-10-23 00:02:07,399 - DEBUG - running phantom zone qc
2025-10-23 00:02:07,469 - DEBUG - running missing check
2025-10-23 00:02:07,479 - DEBUG - running phantom zone qc
2025-10-23 00:02:07,554 - DEBUG - running missing check
2025-10-23 00:02:07,563 - DEBUG - running phantom zone qc
2025-10-23 00:02:07,590 - DEBUG - running missing check
2025-10-23 00:02:07,598 - DEBUG - running phantom zone qc
2025-10-23 00:02:07,625 - DEBUG - running missing check
2025-10-23 00:02:07,634 - DEBUG - running phantom zone qc
2025-10-23 00:02:07,663 - DEBUG - running missing check
2025-10-23 00:02:07,684 - DEBUG - running phantom zone qc
2025-10-23 00:02:07,711 - DEBUG - running missing check
2025-10-23 00:02:07,720 - DEBUG - running phantom zone qc
2025-10-23 00:02:07,746 - DEBUG - running missing check
2025-10-23 00:02:07,755 - DEBUG - running phantom zone qc
2025-10-23 00:02:07,788 - DEBUG - running missing check
2025-10-23 00:02:07,796 - DEBUG - running phantom zone qc
2025-10-23 00:02:07,837 - DEBUG - running missing check
2025-10-23 00:02:07,847 - DEBUG - running phantom zone qc
2025-10-23 00:02:07,888 - DEBUG - running missing check
2025-10-23 00:02:07,897 - DEBUG - running phantom zone qc
2025-10-23 00:02:07,924 - DEBUG - running missing check
2025-10-23 00:02:07,932 - DEBUG - running phantom zone qc
2025-10-23 00:02:07,958 - DEBUG - running missing check
2025-10-23 00:02:07,967 - DEBUG - running phantom zone qc
2025-10-23 00:02:08,032 - DEBUG - running missing check
2025-10-23 00:02:08,042 - DEBUG - running phantom zone qc
2025-10-23 00:02:08,362 - DEBUG - running missing check
2025-10-23 00:02:08,371 - DEBUG - running phantom zone qc
2025-10-23 00:02:08,572 - DEBUG - running missing check
2025-10-23 00:02:08,581 - DEBUG - running phantom zone qc
2025-10-23 00:02:08,610 - DEBUG - running missing check
2025-10-23 00:02:08,619 - DEBUG - running phantom zone qc
2025-10-23 00:02:08,646 - DEBUG - running missing check
2025-10-23 00:02:08,655 - DEBUG - running phantom zone qc
2025-10-23 00:02:08,685 - DEBUG - running missing check
2025-10-23 00:02:08,694 - DEBUG - running phantom zone qc
2025-10-23 00:02:08,723 - DEBUG - running missing check
2025-10-23 00:02:08,731 - DEBUG - running phantom zone qc
2025-10-23 00:02:08,757 - DEBUG - running missing check
2025-10-23 00:02:08,766 - DEBUG - running phantom zone qc
2025-10-23 00:02:08,800 - DEBUG - running missing check
2025-10-23 00:02:08,809 - DEBUG - running phantom zone qc
2025-10-23 00:02:08,837 - DEBUG - running missing check
2025-10-23 00:02:08,845 - DEBUG - running phantom zone qc
2025-10-23 00:02:08,911 - DEBUG - running missing check
2025-10-23 00:02:08,920 - DEBUG - running phantom zone qc
2025-10-23 00:02:09,052 - DEBUG - running missing check
2025-10-23 00:02:09,064 - DEBUG - running phantom zone qc
2025-10-23 00:02:09,096 - DEBUG - running missing check
2025-10-23 00:02:09,105 - DEBUG - running phantom zone qc
2025-10-23 00:02:09,133 - DEBUG - running missing check
2025-10-23 00:02:09,142 - DEBUG - running phantom zone qc
2025-10-23 00:02:09,169 - DEBUG - running missing check
2025-10-23 00:02:09,177 - DEBUG - running phantom zone qc
2025-10-23 00:02:09,229 - DEBUG - running missing check
2025-10-23 00:02:09,238 - DEBUG - running phantom zone qc
2025-10-23 00:02:09,288 - DEBUG - running missing check
2025-10-23 00:02:09,297 - DEBUG - running phantom zone qc
2025-10-23 00:02:09,324 - DEBUG - running missing check
2025-10-23 00:02:09,333 - DEBUG - running phantom zone qc
2025-10-23 00:02:09,360 - DEBUG - running missing check
2025-10-23 00:02:09,369 - DEBUG - running phantom zone qc
2025-10-23 00:02:09,396 - DEBUG - running missing check
2025-10-23 00:02:09,405 - DEBUG - running phantom zone qc
2025-10-23 00:02:09,432 - DEBUG - running missing check
2025-10-23 00:02:09,441 - DEBUG - running phantom zone qc
2025-10-23 00:02:09,467 - DEBUG - running missing check
2025-10-23 00:02:09,476 - DEBUG - running phantom zone qc
2025-10-23 00:02:09,503 - DEBUG - running missing check
2025-10-23 00:02:09,512 - DEBUG - running phantom zone qc
2025-10-23 00:02:09,539 - DEBUG - running missing check
2025-10-23 00:02:09,548 - DEBUG - running phantom zone qc
2025-10-23 00:02:09,577 - DEBUG - running missing check
2025-10-23 00:02:09,586 - DEBUG - running phantom zone qc
2025-10-23 00:02:09,735 - DEBUG - running missing check
2025-10-23 00:02:09,744 - DEBUG - running phantom zone qc
2025-10-23 00:02:09,773 - DEBUG - running missing check
2025-10-23 00:02:09,782 - DEBUG - running phantom zone qc
2025-10-23 00:02:09,817 - DEBUG - running missing check
2025-10-23 00:02:09,825 - DEBUG - running phantom zone qc
2025-10-23 00:02:09,853 - DEBUG - running missing check
2025-10-23 00:02:09,862 - DEBUG - running phantom zone qc
2025-10-23 00:02:09,889 - DEBUG - running missing check
2025-10-23 00:02:09,898 - DEBUG - running phantom zone qc
2025-10-23 00:02:09,926 - DEBUG - running missing check
2025-10-23 00:02:09,935 - DEBUG - running phantom zone qc
2025-10-23 00:02:09,963 - DEBUG - running missing check
2025-10-23 00:02:09,972 - DEBUG - running phantom zone qc
2025-10-23 00:02:09,999 - DEBUG - running missing check
2025-10-23 00:02:10,008 - DEBUG - running phantom zone qc
2025-10-23 00:02:10,036 - DEBUG - running missing check
2025-10-23 00:02:10,045 - DEBUG - running phantom zone qc
2025-10-23 00:02:10,073 - DEBUG - running missing check
2025-10-23 00:02:10,082 - DEBUG - running phantom zone qc
2025-10-23 00:02:10,115 - DEBUG - running missing check
2025-10-23 00:02:10,124 - DEBUG - running phantom zone qc
2025-10-23 00:02:10,153 - DEBUG - running missing check
2025-10-23 00:02:10,177 - DEBUG - running phantom zone qc
2025-10-23 00:02:10,206 - DEBUG - running missing check
2025-10-23 00:02:10,215 - DEBUG - running phantom zone qc
2025-10-23 00:02:10,243 - DEBUG - running missing check
2025-10-23 00:02:10,252 - DEBUG - running phantom zone qc
2025-10-23 00:02:10,280 - DEBUG - running missing check
2025-10-23 00:02:10,289 - DEBUG - running phantom zone qc
2025-10-23 00:02:10,318 - DEBUG - running missing check
2025-10-23 00:02:10,328 - DEBUG - running phantom zone qc
2025-10-23 00:02:10,359 - DEBUG - running missing check
2025-10-23 00:02:10,368 - DEBUG - running phantom zone qc
2025-10-23 00:02:10,397 - DEBUG - running missing check
2025-10-23 00:02:10,406 - DEBUG - running phantom zone qc
2025-10-23 00:02:10,435 - DEBUG - running missing check
2025-10-23 00:02:10,444 - DEBUG - running phantom zone qc
2025-10-23 00:02:10,472 - DEBUG - running missing check
2025-10-23 00:02:10,482 - DEBUG - running phantom zone qc
2025-10-23 00:02:10,509 - DEBUG - running missing check
2025-10-23 00:02:10,518 - DEBUG - running phantom zone qc
2025-10-23 00:02:10,545 - DEBUG - running missing check
2025-10-23 00:02:10,554 - DEBUG - running phantom zone qc
2025-10-23 00:02:10,583 - DEBUG - running missing check
2025-10-23 00:02:10,592 - DEBUG - running phantom zone qc
2025-10-23 00:02:10,621 - DEBUG - running missing check
2025-10-23 00:02:10,631 - DEBUG - running phantom zone qc
2025-10-23 00:02:10,660 - DEBUG - running missing check
2025-10-23 00:02:10,669 - DEBUG - running phantom zone qc
2025-10-23 00:02:10,696 - DEBUG - running missing check
2025-10-23 00:02:10,705 - DEBUG - running phantom zone qc
2025-10-23 00:02:10,735 - DEBUG - running missing check
2025-10-23 00:02:10,744 - DEBUG - running phantom zone qc
2025-10-23 00:02:10,796 - DEBUG - running missing check
2025-10-23 00:02:10,806 - DEBUG - running phantom zone qc
2025-10-23 00:02:10,848 - DEBUG - running missing check
2025-10-23 00:02:10,858 - DEBUG - running phantom zone qc
2025-10-23 00:02:10,886 - DEBUG - running missing check
2025-10-23 00:02:10,895 - DEBUG - running phantom zone qc
2025-10-23 00:02:10,924 - DEBUG - running missing check
2025-10-23 00:02:10,933 - DEBUG - running phantom zone qc
2025-10-23 00:02:10,961 - DEBUG - running missing check
2025-10-23 00:02:10,970 - DEBUG - running phantom zone qc
2025-10-23 00:02:11,000 - DEBUG - running missing check
2025-10-23 00:02:11,009 - DEBUG - running phantom zone qc
2025-10-23 00:02:11,036 - DEBUG - running missing check
2025-10-23 00:02:11,045 - DEBUG - running phantom zone qc
2025-10-23 00:02:11,072 - DEBUG - running missing check
2025-10-23 00:02:11,081 - DEBUG - running phantom zone qc
2025-10-23 00:02:11,108 - DEBUG - running missing check
2025-10-23 00:02:11,118 - DEBUG - running phantom zone qc
2025-10-23 00:02:11,149 - DEBUG - running missing check
2025-10-23 00:02:11,158 - DEBUG - running phantom zone qc
2025-10-23 00:02:11,186 - DEBUG - running missing check
2025-10-23 00:02:11,195 - DEBUG - running phantom zone qc
2025-10-23 00:02:11,223 - DEBUG - running missing check
2025-10-23 00:02:11,232 - DEBUG - running phantom zone qc
2025-10-23 00:02:11,259 - DEBUG - running missing check
2025-10-23 00:02:11,268 - DEBUG - running phantom zone qc
2025-10-23 00:02:11,296 - DEBUG - running missing check
2025-10-23 00:02:11,305 - DEBUG - running phantom zone qc
2025-10-23 00:02:11,332 - DEBUG - running missing check
2025-10-23 00:02:11,341 - DEBUG - running phantom zone qc
2025-10-23 00:02:11,369 - DEBUG - running missing check
2025-10-23 00:02:11,378 - DEBUG - running phantom zone qc
2025-10-23 00:02:11,405 - DEBUG - running missing check
2025-10-23 00:02:11,414 - DEBUG - running phantom zone qc
2025-10-23 00:02:11,442 - DEBUG - running missing check
2025-10-23 00:02:11,451 - DEBUG - running phantom zone qc
2025-10-23 00:02:11,479 - DEBUG - running missing check
2025-10-23 00:02:11,488 - DEBUG - running phantom zone qc
2025-10-23 00:02:11,515 - DEBUG - running missing check
2025-10-23 00:02:11,524 - DEBUG - running phantom zone qc
2025-10-23 00:02:11,553 - DEBUG - running missing check
2025-10-23 00:02:11,563 - DEBUG - running phantom zone qc
2025-10-23 00:02:11,593 - DEBUG - running missing check
2025-10-23 00:02:11,602 - DEBUG - running phantom zone qc
2025-10-23 00:02:11,630 - DEBUG - running missing check
2025-10-23 00:02:11,639 - DEBUG - running phantom zone qc
2025-10-23 00:02:11,667 - DEBUG - running missing check
2025-10-23 00:02:11,676 - DEBUG - running phantom zone qc
2025-10-23 00:02:11,705 - DEBUG - running missing check
2025-10-23 00:02:11,715 - DEBUG - running phantom zone qc
2025-10-23 00:02:11,745 - DEBUG - running missing check
2025-10-23 00:02:11,754 - DEBUG - running phantom zone qc
2025-10-23 00:02:11,786 - DEBUG - running missing check
2025-10-23 00:02:11,795 - DEBUG - running phantom zone qc
2025-10-23 00:02:11,823 - DEBUG - running missing check
2025-10-23 00:02:11,833 - DEBUG - running phantom zone qc
2025-10-23 00:02:11,868 - DEBUG - running missing check
2025-10-23 00:02:11,893 - DEBUG - running phantom zone qc
2025-10-23 00:02:11,946 - DEBUG - running missing check
2025-10-23 00:02:11,955 - DEBUG - running phantom zone qc
2025-10-23 00:02:11,983 - DEBUG - running missing check
2025-10-23 00:02:11,992 - DEBUG - running phantom zone qc
2025-10-23 00:02:12,019 - DEBUG - running missing check
2025-10-23 00:02:12,028 - DEBUG - running phantom zone qc
2025-10-23 00:02:12,056 - DEBUG - running missing check
2025-10-23 00:02:12,066 - DEBUG - running phantom zone qc
2025-10-23 00:02:12,092 - DEBUG - running missing check
2025-10-23 00:02:12,101 - DEBUG - running phantom zone qc
2025-10-23 00:02:12,128 - DEBUG - running missing check
2025-10-23 00:02:12,137 - DEBUG - running phantom zone qc
2025-10-23 00:02:12,169 - DEBUG - running missing check
2025-10-23 00:02:12,178 - DEBUG - running phantom zone qc
2025-10-23 00:02:12,205 - DEBUG - running missing check
2025-10-23 00:02:12,214 - DEBUG - running phantom zone qc
2025-10-23 00:02:12,242 - DEBUG - running missing check
2025-10-23 00:02:12,250 - DEBUG - running phantom zone qc
2025-10-23 00:02:12,277 - DEBUG - running missing check
2025-10-23 00:02:12,286 - DEBUG - running phantom zone qc
2025-10-23 00:02:12,314 - DEBUG - running missing check
2025-10-23 00:02:12,323 - DEBUG - running phantom zone qc
2025-10-23 00:02:12,350 - DEBUG - running missing check
2025-10-23 00:02:12,360 - DEBUG - running phantom zone qc
2025-10-23 00:02:12,390 - DEBUG - running missing check
2025-10-23 00:02:12,399 - DEBUG - running phantom zone qc
2025-10-23 00:02:12,427 - DEBUG - running missing check
2025-10-23 00:02:12,436 - DEBUG - running phantom zone qc
2025-10-23 00:02:12,463 - DEBUG - running missing check
2025-10-23 00:02:12,472 - DEBUG - running phantom zone qc
2025-10-23 00:02:12,501 - DEBUG - running missing check
2025-10-23 00:02:12,510 - DEBUG - running phantom zone qc
2025-10-23 00:02:12,538 - DEBUG - running missing check
2025-10-23 00:02:12,546 - DEBUG - running phantom zone qc
2025-10-23 00:02:12,573 - DEBUG - running missing check
2025-10-23 00:02:12,582 - DEBUG - running phantom zone qc
2025-10-23 00:02:12,611 - DEBUG - running missing check
2025-10-23 00:02:12,620 - DEBUG - running phantom zone qc
2025-10-23 00:02:12,646 - DEBUG - running missing check
2025-10-23 00:02:12,656 - DEBUG - running phantom zone qc
2025-10-23 00:02:12,683 - DEBUG - running missing check
2025-10-23 00:02:12,691 - DEBUG - running phantom zone qc
2025-10-23 00:02:12,718 - DEBUG - running missing check
2025-10-23 00:02:12,727 - DEBUG - running phantom zone qc
2025-10-23 00:02:12,756 - DEBUG - running missing check
2025-10-23 00:02:12,764 - DEBUG - running phantom zone qc
2025-10-23 00:02:12,793 - DEBUG - running missing check
2025-10-23 00:02:12,802 - DEBUG - running phantom zone qc
2025-10-23 00:02:12,829 - DEBUG - running missing check
2025-10-23 00:02:12,838 - DEBUG - running phantom zone qc
2025-10-23 00:02:12,870 - DEBUG - running missing check
2025-10-23 00:02:12,879 - DEBUG - running phantom zone qc
2025-10-23 00:02:12,907 - DEBUG - running missing check
2025-10-23 00:02:12,916 - DEBUG - running phantom zone qc
2025-10-23 00:02:12,945 - DEBUG - running missing check
2025-10-23 00:02:12,954 - DEBUG - running phantom zone qc
2025-10-23 00:02:12,981 - DEBUG - running missing check
2025-10-23 00:02:12,990 - DEBUG - running phantom zone qc
2025-10-23 00:02:13,017 - DEBUG - running missing check
2025-10-23 00:02:13,025 - DEBUG - running phantom zone qc
2025-10-23 00:02:13,072 - DEBUG - running missing check
2025-10-23 00:02:13,081 - DEBUG - running phantom zone qc
2025-10-23 00:02:13,108 - DEBUG - running missing check
2025-10-23 00:02:13,117 - DEBUG - running phantom zone qc
2025-10-23 00:02:13,144 - DEBUG - running missing check
2025-10-23 00:02:13,152 - DEBUG - running phantom zone qc
2025-10-23 00:02:13,183 - DEBUG - running missing check
2025-10-23 00:02:13,192 - DEBUG - running phantom zone qc
2025-10-23 00:02:13,219 - DEBUG - running missing check
2025-10-23 00:02:13,228 - DEBUG - running phantom zone qc
2025-10-23 00:02:13,256 - DEBUG - running missing check
2025-10-23 00:02:13,265 - DEBUG - running phantom zone qc
2025-10-23 00:02:13,292 - DEBUG - running missing check
2025-10-23 00:02:13,301 - DEBUG - running phantom zone qc
2025-10-23 00:02:13,328 - DEBUG - running missing check
2025-10-23 00:02:13,337 - DEBUG - running phantom zone qc
2025-10-23 00:02:13,365 - DEBUG - running missing check
2025-10-23 00:02:13,374 - DEBUG - running phantom zone qc
2025-10-23 00:02:13,402 - DEBUG - running missing check
2025-10-23 00:02:13,411 - DEBUG - running phantom zone qc
2025-10-23 00:02:13,439 - DEBUG - running missing check
2025-10-23 00:02:13,448 - DEBUG - running phantom zone qc
2025-10-23 00:02:13,475 - DEBUG - running missing check
2025-10-23 00:02:13,484 - DEBUG - running phantom zone qc
2025-10-23 00:02:13,512 - DEBUG - running missing check
2025-10-23 00:02:13,520 - DEBUG - running phantom zone qc
2025-10-23 00:02:13,548 - DEBUG - running missing check
2025-10-23 00:02:13,575 - DEBUG - running phantom zone qc
2025-10-23 00:02:13,603 - DEBUG - running missing check
2025-10-23 00:02:13,612 - DEBUG - running phantom zone qc
2025-10-23 00:02:13,641 - DEBUG - running missing check
2025-10-23 00:02:13,650 - DEBUG - running phantom zone qc
2025-10-23 00:02:13,677 - DEBUG - running missing check
2025-10-23 00:02:13,687 - DEBUG - running phantom zone qc
2025-10-23 00:02:13,714 - DEBUG - running missing check
2025-10-23 00:02:13,723 - DEBUG - running phantom zone qc
2025-10-23 00:02:13,751 - DEBUG - running missing check
2025-10-23 00:02:13,760 - DEBUG - running phantom zone qc
2025-10-23 00:02:13,789 - DEBUG - running missing check
2025-10-23 00:02:13,798 - DEBUG - running phantom zone qc
2025-10-23 00:02:13,824 - DEBUG - running missing check
2025-10-23 00:02:13,833 - DEBUG - running phantom zone qc
2025-10-23 00:02:13,861 - DEBUG - running missing check
2025-10-23 00:02:13,870 - DEBUG - running phantom zone qc
2025-10-23 00:02:13,903 - DEBUG - running missing check
2025-10-23 00:02:13,912 - DEBUG - running phantom zone qc
2025-10-23 00:02:13,941 - DEBUG - running missing check
2025-10-23 00:02:13,951 - DEBUG - running phantom zone qc
2025-10-23 00:02:13,981 - DEBUG - running missing check
2025-10-23 00:02:13,991 - DEBUG - running phantom zone qc
2025-10-23 00:02:14,020 - DEBUG - running missing check
2025-10-23 00:02:14,030 - DEBUG - running phantom zone qc
2025-10-23 00:02:14,060 - DEBUG - running missing check
2025-10-23 00:02:14,069 - DEBUG - running phantom zone qc
2025-10-23 00:02:14,098 - DEBUG - running missing check
2025-10-23 00:02:14,107 - DEBUG - running phantom zone qc
2025-10-23 00:02:14,134 - DEBUG - running missing check
2025-10-23 00:02:14,143 - DEBUG - running phantom zone qc
2025-10-23 00:02:14,143 - DEBUG - Processing session: /mnt/nfs/lss/vosslabhpc/Projects/BOOST/InterventionStudy/3-Experiment/data/polarhrcsv/Unsupervised
2025-10-23 00:02:22,440 - DEBUG - running missing check
2025-10-23 00:02:22,449 - DEBUG - running phantom zone qc
2025-10-23 00:02:22,940 - DEBUG - running missing check
2025-10-23 00:02:22,950 - DEBUG - running phantom zone qc
2025-10-23 00:02:23,586 - DEBUG - running missing check
2025-10-23 00:02:23,595 - DEBUG - running phantom zone qc
2025-10-23 00:02:24,091 - DEBUG - running missing check
2025-10-23 00:02:24,100 - DEBUG - running phantom zone qc
2025-10-23 00:02:24,730 - DEBUG - running missing check
2025-10-23 00:02:24,740 - DEBUG - running phantom zone qc
2025-10-23 00:02:25,236 - DEBUG - running missing check
2025-10-23 00:02:25,246 - DEBUG - running phantom zone qc
2025-10-23 00:02:25,875 - DEBUG - running missing check
2025-10-23 00:02:25,885 - DEBUG - running phantom zone qc
2025-10-23 00:02:26,376 - DEBUG - running missing check
2025-10-23 00:02:26,385 - DEBUG - running phantom zone qc
2025-10-23 00:02:27,020 - DEBUG - running missing check
2025-10-23 00:02:27,029 - DEBUG - running phantom zone qc
2025-10-23 00:02:27,485 - DEBUG - running missing check
2025-10-23 00:02:27,494 - DEBUG - running phantom zone qc
2025-10-23 00:02:28,128 - DEBUG - running missing check
2025-10-23 00:02:28,138 - DEBUG - running phantom zone qc
2025-10-23 00:02:28,233 - DEBUG - running missing check
2025-10-23 00:02:28,242 - DEBUG - running phantom zone qc
2025-10-23 00:02:28,270 - DEBUG - running missing check
2025-10-23 00:02:28,279 - DEBUG - running phantom zone qc
2025-10-23 00:02:28,307 - DEBUG - running missing check
2025-10-23 00:02:28,316 - DEBUG - running phantom zone qc
2025-10-23 00:02:28,344 - DEBUG - running missing check
2025-10-23 00:02:28,353 - DEBUG - running phantom zone qc
2025-10-23 00:02:28,381 - DEBUG - running missing check
2025-10-23 00:02:28,391 - DEBUG - running phantom zone qc
2025-10-23 00:02:28,418 - DEBUG - running missing check
2025-10-23 00:02:28,427 - DEBUG - running phantom zone qc
2025-10-23 00:02:28,455 - DEBUG - running missing check
2025-10-23 00:02:28,464 - DEBUG - running phantom zone qc
2025-10-23 00:02:28,492 - DEBUG - running missing check
2025-10-23 00:02:28,501 - DEBUG - running phantom zone qc
2025-10-23 00:02:28,529 - DEBUG - running missing check
2025-10-23 00:02:28,538 - DEBUG - running phantom zone qc
2025-10-23 00:02:28,566 - DEBUG - running missing check
2025-10-23 00:02:28,575 - DEBUG - running phantom zone qc
2025-10-23 00:02:28,605 - DEBUG - running missing check
2025-10-23 00:02:28,614 - DEBUG - running phantom zone qc
2025-10-23 00:02:28,643 - DEBUG - running missing check
2025-10-23 00:02:28,653 - DEBUG - running phantom zone qc
2025-10-23 00:02:28,682 - DEBUG - running missing check
2025-10-23 00:02:28,692 - DEBUG - running phantom zone qc
2025-10-23 00:02:28,722 - DEBUG - running missing check
2025-10-23 00:02:28,732 - DEBUG - running phantom zone qc
2025-10-23 00:02:28,762 - DEBUG - running missing check
2025-10-23 00:02:28,772 - DEBUG - running phantom zone qc
2025-10-23 00:02:28,800 - DEBUG - running missing check
2025-10-23 00:02:28,810 - DEBUG - running phantom zone qc
2025-10-23 00:02:28,839 - DEBUG - running missing check
2025-10-23 00:02:28,849 - DEBUG - running phantom zone qc
2025-10-23 00:02:28,877 - DEBUG - running missing check
2025-10-23 00:02:28,901 - DEBUG - running phantom zone qc
2025-10-23 00:02:28,931 - DEBUG - running missing check
2025-10-23 00:02:28,941 - DEBUG - running phantom zone qc
2025-10-23 00:02:29,091 - DEBUG - running missing check
2025-10-23 00:02:29,099 - DEBUG - running phantom zone qc
2025-10-23 00:02:29,126 - DEBUG - running missing check
2025-10-23 00:02:29,135 - DEBUG - running phantom zone qc
2025-10-23 00:02:29,162 - DEBUG - running missing check
2025-10-23 00:02:29,172 - DEBUG - running phantom zone qc
2025-10-23 00:02:29,199 - DEBUG - running missing check
2025-10-23 00:02:29,208 - DEBUG - running phantom zone qc
2025-10-23 00:02:29,240 - DEBUG - running missing check
2025-10-23 00:02:29,249 - DEBUG - running phantom zone qc
2025-10-23 00:02:29,276 - DEBUG - running missing check
2025-10-23 00:02:29,285 - DEBUG - running phantom zone qc
2025-10-23 00:02:29,312 - DEBUG - running missing check
2025-10-23 00:02:29,321 - DEBUG - running phantom zone qc
2025-10-23 00:02:29,349 - DEBUG - running missing check
2025-10-23 00:02:29,358 - DEBUG - running phantom zone qc
2025-10-23 00:02:29,402 - DEBUG - running missing check
2025-10-23 00:02:29,423 - DEBUG - running phantom zone qc
2025-10-23 00:02:29,475 - DEBUG - running missing check
2025-10-23 00:02:29,497 - DEBUG - running phantom zone qc
2025-10-23 00:02:29,545 - DEBUG - running missing check
2025-10-23 00:02:29,555 - DEBUG - running phantom zone qc
2025-10-23 00:02:29,614 - DEBUG - running missing check
2025-10-23 00:02:29,623 - DEBUG - running phantom zone qc
2025-10-23 00:02:29,651 - DEBUG - running missing check
2025-10-23 00:02:29,660 - DEBUG - running phantom zone qc
2025-10-23 00:02:29,688 - DEBUG - running missing check
2025-10-23 00:02:29,697 - DEBUG - running phantom zone qc
2025-10-23 00:02:29,725 - DEBUG - running missing check
2025-10-23 00:02:29,734 - DEBUG - running phantom zone qc
2025-10-23 00:02:29,763 - DEBUG - running missing check
2025-10-23 00:02:29,772 - DEBUG - running phantom zone qc
2025-10-23 00:02:29,799 - DEBUG - running missing check
2025-10-23 00:02:29,808 - DEBUG - running phantom zone qc
2025-10-23 00:02:29,835 - DEBUG - running missing check
2025-10-23 00:02:29,844 - DEBUG - running phantom zone qc
2025-10-23 00:02:29,996 - DEBUG - running missing check
2025-10-23 00:02:30,005 - DEBUG - running phantom zone qc
2025-10-23 00:02:30,033 - DEBUG - running missing check
2025-10-23 00:02:30,041 - DEBUG - running phantom zone qc
2025-10-23 00:02:30,068 - DEBUG - running missing check
2025-10-23 00:02:30,077 - DEBUG - running phantom zone qc
2025-10-23 00:02:30,106 - DEBUG - running missing check
2025-10-23 00:02:30,115 - DEBUG - running phantom zone qc
2025-10-23 00:02:30,142 - DEBUG - running missing check
2025-10-23 00:02:30,151 - DEBUG - running phantom zone qc
2025-10-23 00:02:30,178 - DEBUG - running missing check
2025-10-23 00:02:30,186 - DEBUG - running phantom zone qc
2025-10-23 00:02:30,214 - DEBUG - running missing check
2025-10-23 00:02:30,222 - DEBUG - running phantom zone qc
2025-10-23 00:02:30,255 - DEBUG - running missing check
2025-10-23 00:02:30,264 - DEBUG - running phantom zone qc
2025-10-23 00:02:30,291 - DEBUG - running missing check
2025-10-23 00:02:30,300 - DEBUG - running phantom zone qc
2025-10-23 00:02:30,327 - DEBUG - running missing check
2025-10-23 00:02:30,336 - DEBUG - running phantom zone qc
2025-10-23 00:02:30,364 - DEBUG - running missing check
2025-10-23 00:02:30,373 - DEBUG - running phantom zone qc
2025-10-23 00:02:30,401 - DEBUG - running missing check
2025-10-23 00:02:30,409 - DEBUG - running phantom zone qc
2025-10-23 00:02:30,437 - DEBUG - running missing check
2025-10-23 00:02:30,446 - DEBUG - running phantom zone qc
2025-10-23 00:02:30,473 - DEBUG - running missing check
2025-10-23 00:02:30,482 - DEBUG - running phantom zone qc
2025-10-23 00:02:30,509 - DEBUG - running missing check
2025-10-23 00:02:30,518 - DEBUG - running phantom zone qc
2025-10-23 00:02:30,546 - DEBUG - running missing check
2025-10-23 00:02:30,555 - DEBUG - running phantom zone qc
2025-10-23 00:02:30,584 - DEBUG - running missing check
2025-10-23 00:02:30,593 - DEBUG - running phantom zone qc
2025-10-23 00:02:30,621 - DEBUG - running missing check
2025-10-23 00:02:30,630 - DEBUG - running phantom zone qc
2025-10-23 00:02:30,659 - DEBUG - running missing check
2025-10-23 00:02:30,668 - DEBUG - running phantom zone qc
2025-10-23 00:02:30,697 - DEBUG - running missing check
2025-10-23 00:02:30,706 - DEBUG - running phantom zone qc
2025-10-23 00:02:30,735 - DEBUG - running missing check
2025-10-23 00:02:30,745 - DEBUG - running phantom zone qc
2025-10-23 00:02:30,774 - DEBUG - running missing check
2025-10-23 00:02:30,782 - DEBUG - running phantom zone qc
2025-10-23 00:02:30,809 - DEBUG - running missing check
2025-10-23 00:02:30,818 - DEBUG - running phantom zone qc
2025-10-23 00:02:30,845 - DEBUG - running missing check
2025-10-23 00:02:30,854 - DEBUG - running phantom zone qc
2025-10-23 00:02:30,911 - DEBUG - running missing check
2025-10-23 00:02:30,937 - DEBUG - running phantom zone qc
2025-10-23 00:02:30,964 - DEBUG - running missing check
2025-10-23 00:02:30,973 - DEBUG - running phantom zone qc
2025-10-23 00:02:31,003 - DEBUG - running missing check
2025-10-23 00:02:31,012 - DEBUG - running phantom zone qc
2025-10-23 00:02:31,039 - DEBUG - running missing check
2025-10-23 00:02:31,048 - DEBUG - running phantom zone qc
2025-10-23 00:02:31,075 - DEBUG - running missing check
2025-10-23 00:02:31,085 - DEBUG - running phantom zone qc
2025-10-23 00:02:31,114 - DEBUG - running missing check
2025-10-23 00:02:31,123 - DEBUG - running phantom zone qc
2025-10-23 00:02:31,150 - DEBUG - running missing check
2025-10-23 00:02:31,159 - DEBUG - running phantom zone qc
2025-10-23 00:02:31,187 - DEBUG - running missing check
2025-10-23 00:02:31,195 - DEBUG - running phantom zone qc
2025-10-23 00:02:31,223 - DEBUG - running missing check
2025-10-23 00:02:31,232 - DEBUG - running phantom zone qc
2025-10-23 00:02:31,266 - DEBUG - running missing check
2025-10-23 00:02:31,275 - DEBUG - running phantom zone qc
2025-10-23 00:02:31,327 - DEBUG - running missing check
2025-10-23 00:02:31,336 - DEBUG - running phantom zone qc
2025-10-23 00:02:31,391 - DEBUG - running missing check
2025-10-23 00:02:31,413 - DEBUG - running phantom zone qc
2025-10-23 00:02:31,465 - DEBUG - running missing check
2025-10-23 00:02:31,487 - DEBUG - running phantom zone qc
2025-10-23 00:02:31,528 - DEBUG - running missing check
2025-10-23 00:02:31,537 - DEBUG - running phantom zone qc
2025-10-23 00:02:31,577 - DEBUG - running missing check
2025-10-23 00:02:31,585 - DEBUG - running phantom zone qc
2025-10-23 00:02:31,612 - DEBUG - running missing check
2025-10-23 00:02:31,621 - DEBUG - running phantom zone qc
2025-10-23 00:02:31,648 - DEBUG - running missing check
2025-10-23 00:02:31,657 - DEBUG - running phantom zone qc
2025-10-23 00:02:31,685 - DEBUG - running missing check
2025-10-23 00:02:31,693 - DEBUG - running phantom zone qc
2025-10-23 00:02:31,722 - DEBUG - running missing check
2025-10-23 00:02:31,730 - DEBUG - running phantom zone qc
2025-10-23 00:02:31,759 - DEBUG - running missing check
2025-10-23 00:02:31,768 - DEBUG - running phantom zone qc
2025-10-23 00:02:31,796 - DEBUG - running missing check
2025-10-23 00:02:31,805 - DEBUG - running phantom zone qc
2025-10-23 00:02:31,831 - DEBUG - running missing check
2025-10-23 00:02:31,840 - DEBUG - running phantom zone qc
2025-10-23 00:02:31,867 - DEBUG - running missing check
2025-10-23 00:02:31,876 - DEBUG - running phantom zone qc
2025-10-23 00:02:31,904 - DEBUG - running missing check
2025-10-23 00:02:31,913 - DEBUG - running phantom zone qc
2025-10-23 00:02:31,940 - DEBUG - running missing check
2025-10-23 00:02:31,949 - DEBUG - running phantom zone qc
2025-10-23 00:02:31,975 - DEBUG - running missing check
2025-10-23 00:02:31,984 - DEBUG - running phantom zone qc
2025-10-23 00:02:32,013 - DEBUG - running missing check
2025-10-23 00:02:32,022 - DEBUG - running phantom zone qc
2025-10-23 00:02:32,049 - DEBUG - running missing check
2025-10-23 00:02:32,057 - DEBUG - running phantom zone qc
2025-10-23 00:02:32,084 - DEBUG - running missing check
2025-10-23 00:02:32,093 - DEBUG - running phantom zone qc
2025-10-23 00:02:32,122 - DEBUG - running missing check
2025-10-23 00:02:32,131 - DEBUG - running phantom zone qc
2025-10-23 00:02:32,210 - DEBUG - running missing check
2025-10-23 00:02:32,220 - DEBUG - running phantom zone qc
2025-10-23 00:02:32,248 - DEBUG - running missing check
2025-10-23 00:02:32,258 - DEBUG - running phantom zone qc
2025-10-23 00:02:32,291 - DEBUG - running missing check
2025-10-23 00:02:32,301 - DEBUG - running phantom zone qc
2025-10-23 00:02:32,329 - DEBUG - running missing check
2025-10-23 00:02:32,338 - DEBUG - running phantom zone qc
2025-10-23 00:02:32,366 - DEBUG - running missing check
2025-10-23 00:02:32,375 - DEBUG - running phantom zone qc
2025-10-23 00:02:32,404 - DEBUG - running missing check
2025-10-23 00:02:32,413 - DEBUG - running phantom zone qc
2025-10-23 00:02:32,441 - DEBUG - running missing check
2025-10-23 00:02:32,451 - DEBUG - running phantom zone qc
2025-10-23 00:02:32,480 - DEBUG - running missing check
2025-10-23 00:02:32,490 - DEBUG - running phantom zone qc
2025-10-23 00:02:32,518 - DEBUG - running missing check
2025-10-23 00:02:32,528 - DEBUG - running phantom zone qc
2025-10-23 00:02:32,556 - DEBUG - running missing check
2025-10-23 00:02:32,566 - DEBUG - running phantom zone qc
2025-10-23 00:02:32,595 - DEBUG - running missing check
2025-10-23 00:02:32,604 - DEBUG - running phantom zone qc
2025-10-23 00:02:32,635 - DEBUG - running missing check
2025-10-23 00:02:32,645 - DEBUG - running phantom zone qc
2025-10-23 00:02:32,674 - DEBUG - running missing check
2025-10-23 00:02:32,683 - DEBUG - running phantom zone qc
2025-10-23 00:02:32,713 - DEBUG - running missing check
2025-10-23 00:02:32,723 - DEBUG - running phantom zone qc
2025-10-23 00:02:32,754 - DEBUG - running missing check
2025-10-23 00:02:32,780 - DEBUG - running phantom zone qc
2025-10-23 00:02:32,812 - DEBUG - running missing check
2025-10-23 00:02:32,821 - DEBUG - running phantom zone qc
2025-10-23 00:02:32,850 - DEBUG - running missing check
2025-10-23 00:02:32,860 - DEBUG - running phantom zone qc
2025-10-23 00:02:32,889 - DEBUG - running missing check
2025-10-23 00:02:32,899 - DEBUG - running phantom zone qc
2025-10-23 00:02:32,929 - DEBUG - running missing check
2025-10-23 00:02:32,940 - DEBUG - running phantom zone qc
2025-10-23 00:02:32,969 - DEBUG - running missing check
2025-10-23 00:02:32,979 - DEBUG - running phantom zone qc
2025-10-23 00:02:33,008 - DEBUG - running missing check
2025-10-23 00:02:33,018 - DEBUG - running phantom zone qc
2025-10-23 00:02:33,048 - DEBUG - running missing check
2025-10-23 00:02:33,058 - DEBUG - running phantom zone qc
2025-10-23 00:02:33,086 - DEBUG - running missing check
2025-10-23 00:02:33,095 - DEBUG - running phantom zone qc
2025-10-23 00:02:33,125 - DEBUG - running missing check
2025-10-23 00:02:33,135 - DEBUG - running phantom zone qc
2025-10-23 00:02:33,164 - DEBUG - running missing check
2025-10-23 00:02:33,174 - DEBUG - running phantom zone qc
2025-10-23 00:02:33,202 - DEBUG - running missing check
2025-10-23 00:02:33,212 - DEBUG - running phantom zone qc
2025-10-23 00:02:33,241 - DEBUG - running missing check
2025-10-23 00:02:33,251 - DEBUG - running phantom zone qc
2025-10-23 00:02:33,439 - DEBUG - running missing check
2025-10-23 00:02:33,464 - DEBUG - running phantom zone qc
2025-10-23 00:02:33,515 - DEBUG - running missing check
2025-10-23 00:02:33,527 - DEBUG - running phantom zone qc
2025-10-23 00:02:33,560 - DEBUG - running missing check
2025-10-23 00:02:33,572 - DEBUG - running phantom zone qc
2025-10-23 00:02:33,606 - DEBUG - running missing check
2025-10-23 00:02:33,618 - DEBUG - running phantom zone qc
2025-10-23 00:02:33,653 - DEBUG - running missing check
2025-10-23 00:02:33,664 - DEBUG - running phantom zone qc
2025-10-23 00:02:33,699 - DEBUG - running missing check
2025-10-23 00:02:33,711 - DEBUG - running phantom zone qc
2025-10-23 00:02:33,746 - DEBUG - running missing check
2025-10-23 00:02:33,758 - DEBUG - running phantom zone qc
2025-10-23 00:02:33,794 - DEBUG - running missing check
2025-10-23 00:02:33,806 - DEBUG - running phantom zone qc
2025-10-23 00:02:33,843 - DEBUG - running missing check
2025-10-23 00:02:33,855 - DEBUG - running phantom zone qc
2025-10-23 00:02:33,889 - DEBUG - running missing check
2025-10-23 00:02:33,901 - DEBUG - running phantom zone qc
2025-10-23 00:02:33,935 - DEBUG - running missing check
2025-10-23 00:02:33,947 - DEBUG - running phantom zone qc
2025-10-23 00:02:33,981 - DEBUG - running missing check
2025-10-23 00:02:33,993 - DEBUG - running phantom zone qc
2025-10-23 00:02:34,028 - DEBUG - running missing check
2025-10-23 00:02:34,040 - DEBUG - running phantom zone qc
2025-10-23 00:02:34,075 - DEBUG - running missing check
2025-10-23 00:02:34,087 - DEBUG - running phantom zone qc
2025-10-23 00:02:34,121 - DEBUG - running missing check
2025-10-23 00:02:34,133 - DEBUG - running phantom zone qc
2025-10-23 00:02:34,168 - DEBUG - running missing check
2025-10-23 00:02:34,181 - DEBUG - running phantom zone qc
2025-10-23 00:02:34,351 - DEBUG - running missing check
2025-10-23 00:02:34,364 - DEBUG - running phantom zone qc
2025-10-23 00:02:34,400 - DEBUG - running missing check
2025-10-23 00:02:34,413 - DEBUG - running phantom zone qc
2025-10-23 00:02:34,450 - DEBUG - running missing check
2025-10-23 00:02:34,463 - DEBUG - running phantom zone qc
2025-10-23 00:02:34,504 - DEBUG - running missing check
2025-10-23 00:02:34,520 - DEBUG - running phantom zone qc
2025-10-23 00:02:34,573 - DEBUG - running missing check
2025-10-23 00:02:34,588 - DEBUG - running phantom zone qc
2025-10-23 00:02:34,629 - DEBUG - running missing check
2025-10-23 00:02:34,645 - DEBUG - running phantom zone qc
2025-10-23 00:02:34,684 - DEBUG - running missing check
2025-10-23 00:02:34,703 - DEBUG - running phantom zone qc
2025-10-23 00:02:34,742 - DEBUG - running missing check
2025-10-23 00:02:34,757 - DEBUG - running phantom zone qc
2025-10-23 00:02:34,797 - DEBUG - running missing check
2025-10-23 00:02:34,811 - DEBUG - running phantom zone qc
2025-10-23 00:02:34,852 - DEBUG - running missing check
2025-10-23 00:02:34,866 - DEBUG - running phantom zone qc
2025-10-23 00:02:34,904 - DEBUG - running missing check
2025-10-23 00:02:34,918 - DEBUG - running phantom zone qc
2025-10-23 00:02:34,956 - DEBUG - running missing check
2025-10-23 00:02:34,970 - DEBUG - running phantom zone qc
2025-10-23 00:02:35,007 - DEBUG - running missing check
2025-10-23 00:02:35,021 - DEBUG - running phantom zone qc
2025-10-23 00:02:35,081 - DEBUG - running missing check
2025-10-23 00:02:35,090 - DEBUG - running phantom zone qc
2025-10-23 00:02:35,118 - DEBUG - running missing check
2025-10-23 00:02:35,128 - DEBUG - running phantom zone qc
2025-10-23 00:02:35,157 - DEBUG - running missing check
2025-10-23 00:02:35,181 - DEBUG - running phantom zone qc
2025-10-23 00:02:35,212 - DEBUG - running missing check
2025-10-23 00:02:35,222 - DEBUG - running phantom zone qc
2025-10-23 00:02:35,250 - DEBUG - running missing check
2025-10-23 00:02:35,273 - DEBUG - running phantom zone qc
2025-10-23 00:02:35,321 - DEBUG - running missing check
2025-10-23 00:02:35,343 - DEBUG - running phantom zone qc
2025-10-23 00:02:35,390 - DEBUG - running missing check
2025-10-23 00:02:35,412 - DEBUG - running phantom zone qc
2025-10-23 00:02:35,467 - DEBUG - running missing check
2025-10-23 00:02:35,477 - DEBUG - running phantom zone qc
2025-10-23 00:02:35,538 - DEBUG - running missing check
2025-10-23 00:02:35,548 - DEBUG - running phantom zone qc
2025-10-23 00:02:35,598 - DEBUG - running missing check
2025-10-23 00:02:35,620 - DEBUG - running phantom zone qc
2025-10-23 00:02:35,682 - DEBUG - running missing check
2025-10-23 00:02:35,697 - DEBUG - running phantom zone qc
2025-10-23 00:02:35,751 - DEBUG - running missing check
2025-10-23 00:02:35,761 - DEBUG - running phantom zone qc
2025-10-23 00:02:35,849 - DEBUG - running missing check
2025-10-23 00:02:35,875 - DEBUG - running phantom zone qc
2025-10-23 00:02:35,929 - DEBUG - running missing check
2025-10-23 00:02:35,945 - DEBUG - running phantom zone qc
2025-10-23 00:02:35,999 - DEBUG - running missing check
2025-10-23 00:02:36,018 - DEBUG - running phantom zone qc
2025-10-23 00:02:36,073 - DEBUG - running missing check
2025-10-23 00:02:36,095 - DEBUG - running phantom zone qc
2025-10-23 00:02:36,147 - DEBUG - running missing check
2025-10-23 00:02:36,165 - DEBUG - running phantom zone qc
2025-10-23 00:02:36,219 - DEBUG - running missing check
2025-10-23 00:02:36,239 - DEBUG - running phantom zone qc
2025-10-23 00:02:36,291 - DEBUG - running missing check
2025-10-23 00:02:36,302 - DEBUG - running phantom zone qc
2025-10-23 00:02:36,345 - DEBUG - running missing check
2025-10-23 00:02:36,356 - DEBUG - running phantom zone qc
2025-10-23 00:02:36,387 - DEBUG - running missing check
2025-10-23 00:02:36,397 - DEBUG - running phantom zone qc
2025-10-23 00:02:36,746 - DEBUG - running missing check
2025-10-23 00:02:36,758 - DEBUG - running phantom zone qc
2025-10-23 00:02:37,496 - DEBUG - running missing check
2025-10-23 00:02:37,506 - DEBUG - running phantom zone qc
2025-10-23 00:02:37,916 - DEBUG - running missing check
2025-10-23 00:02:37,928 - DEBUG - running phantom zone qc
2025-10-23 00:02:38,677 - DEBUG - running missing check
2025-10-23 00:02:38,686 - DEBUG - running phantom zone qc
2025-10-23 00:02:38,803 - INFO - QC summary written: ../qc_out.csv (85 rows)
2025-10-23 00:02:45,020 - DEBUG - Subject sub8000: sup_n=27, sup_den=30, unsup_n=24, unsup_den=25
2025-10-23 00:02:45,030 - DEBUG - Subject sub8001: sup_n=0, sup_den=0, unsup_n=0, unsup_den=0
2025-10-23 00:02:45,050 - DEBUG - Subject sub8002: sup_n=20, sup_den=30, unsup_n=27, unsup_den=30
2025-10-23 00:02:45,063 - DEBUG - Subject sub8003: sup_n=29, sup_den=30, unsup_n=30, unsup_den=30
2025-10-23 00:02:45,075 - DEBUG - Subject sub8004: sup_n=30, sup_den=30, unsup_n=18, unsup_den=25
2025-10-23 00:02:45,087 - DEBUG - Subject sub8005: sup_n=30, sup_den=30, unsup_n=30, unsup_den=30
2025-10-23 00:02:45,100 - DEBUG - Subject sub8006: sup_n=30, sup_den=30, unsup_n=25, unsup_den=30
2025-10-23 00:02:45,109 - DEBUG - Subject sub8007: sup_n=0, sup_den=0, unsup_n=0, unsup_den=0
2025-10-23 00:02:45,121 - DEBUG - Subject sub8008: sup_n=25, sup_den=30, unsup_n=16, unsup_den=30
2025-10-23 00:02:45,130 - DEBUG - Subject sub8009: sup_n=0, sup_den=0, unsup_n=0, unsup_den=0
2025-10-23 00:02:45,136 - DEBUG - Subject sub8010: sup_n=0, sup_den=0, unsup_n=0, unsup_den=0
2025-10-23 00:02:45,148 - DEBUG - Subject sub8011: sup_n=18, sup_den=20, unsup_n=13, unsup_den=0
2025-10-23 00:02:45,153 - DEBUG - Subject sub8014: sup_n=0, sup_den=0, unsup_n=0, unsup_den=0
2025-10-23 00:02:45,164 - DEBUG - Subject sub8016: sup_n=30, sup_den=30, unsup_n=0, unsup_den=0
2025-10-23 00:02:45,176 - DEBUG - Subject sub8017: sup_n=29, sup_den=30, unsup_n=0, unsup_den=0
2025-10-23 00:02:45,185 - DEBUG - Subject sub8018: sup_n=0, sup_den=0, unsup_n=0, unsup_den=0
2025-10-23 00:02:45,195 - DEBUG - Subject sub8019: sup_n=26, sup_den=27, unsup_n=0, unsup_den=0
2025-10-23 00:02:45,206 - DEBUG - Subject sub8020: sup_n=30, sup_den=30, unsup_n=0, unsup_den=0
2025-10-23 00:02:45,211 - DEBUG - Subject sub8021: sup_n=0, sup_den=0, unsup_n=0, unsup_den=0
2025-10-23 00:02:45,222 - DEBUG - Subject sub8022: sup_n=27, sup_den=28, unsup_n=0, unsup_den=0
2025-10-23 00:02:45,228 - DEBUG - Subject sub8024: sup_n=0, sup_den=0, unsup_n=0, unsup_den=0
2025-10-23 00:02:45,233 - DEBUG - Subject sub8026: sup_n=9, sup_den=15, unsup_n=0, unsup_den=0
2025-10-23 00:02:45,245 - DEBUG - Subject sub8030: sup_n=30, sup_den=30, unsup_n=0, unsup_den=0
2025-10-23 00:02:45,250 - DEBUG - Subject sub8035: sup_n=1, sup_den=2, unsup_n=0, unsup_den=0
