2026-01-05 14:29:46,200 - DEBUG - Processing session: /mnt/lss/Projects/BOOST/InterventionStudy/3-experiment/data/polarhrcsv/Supervised
2026-01-05 14:29:49,737 - DEBUG - running missing check
2026-01-05 14:29:49,745 - DEBUG - running phantom zone qc
2026-01-05 14:29:50,212 - DEBUG - running missing check
2026-01-05 14:29:50,221 - DEBUG - running phantom zone qc
2026-01-05 14:29:52,898 - DEBUG - running missing check
2026-01-05 14:29:52,907 - DEBUG - running phantom zone qc
2026-01-05 14:29:54,245 - DEBUG - running missing check
2026-01-05 14:29:54,252 - DEBUG - running phantom zone qc
2026-01-05 14:29:56,321 - DEBUG - running missing check
2026-01-05 14:29:56,329 - DEBUG - running phantom zone qc
2026-01-05 14:29:58,322 - DEBUG - running missing check
2026-01-05 14:29:58,330 - DEBUG - running phantom zone qc
2026-01-05 14:29:59,703 - DEBUG - running missing check
2026-01-05 14:29:59,711 - DEBUG - running phantom zone qc
2026-01-05 14:30:01,054 - DEBUG - running missing check
2026-01-05 14:30:01,062 - DEBUG - running phantom zone qc
2026-01-05 14:30:01,516 - DEBUG - running missing check
2026-01-05 14:30:01,524 - DEBUG - running phantom zone qc
2026-01-05 14:30:02,025 - DEBUG - running missing check
2026-01-05 14:30:02,032 - DEBUG - running phantom zone qc
2026-01-05 14:30:02,356 - DEBUG - running missing check
2026-01-05 14:30:02,364 - DEBUG - running phantom zone qc
2026-01-05 14:30:02,845 - DEBUG - running missing check
2026-01-05 14:30:02,852 - DEBUG - running phantom zone qc
2026-01-05 14:30:03,370 - DEBUG - running missing check
2026-01-05 14:30:03,378 - DEBUG - running phantom zone qc
2026-01-05 14:30:06,811 - DEBUG - running missing check
2026-01-05 14:30:06,820 - DEBUG - running phantom zone qc
2026-01-05 14:30:07,793 - DEBUG - running missing check
2026-01-05 14:30:07,801 - DEBUG - running phantom zone qc
2026-01-05 14:30:09,309 - DEBUG - running missing check
2026-01-05 14:30:09,314 - DEBUG - running phantom zone qc
2026-01-05 14:30:09,748 - DEBUG - running missing check
2026-01-05 14:30:09,756 - DEBUG - running phantom zone qc
2026-01-05 14:30:10,258 - DEBUG - running missing check
2026-01-05 14:30:10,278 - DEBUG - running phantom zone qc
2026-01-05 14:30:10,611 - DEBUG - running missing check
2026-01-05 14:30:10,618 - DEBUG - running phantom zone qc
2026-01-05 14:30:11,357 - WARNING - Skipping file with long duration (0 days 09:51:35): /mnt/lss/Projects/BOOST/InterventionStudy/3-experiment/data/polarhrcsv/Supervised/sub8006/8006_wk6_ses29.CSV
2026-01-05 14:30:11,921 - DEBUG - running missing check
2026-01-05 14:30:11,926 - DEBUG - running phantom zone qc
2026-01-05 14:30:12,388 - DEBUG - running missing check
2026-01-05 14:30:12,394 - DEBUG - running phantom zone qc
2026-01-05 14:30:12,898 - DEBUG - running missing check
2026-01-05 14:30:12,905 - DEBUG - running phantom zone qc
2026-01-05 14:30:13,465 - DEBUG - running missing check
2026-01-05 14:30:13,472 - DEBUG - running phantom zone qc
2026-01-05 14:30:16,530 - DEBUG - running missing check
2026-01-05 14:30:16,538 - DEBUG - running phantom zone qc
2026-01-05 14:30:17,177 - DEBUG - running missing check
2026-01-05 14:30:17,185 - DEBUG - running phantom zone qc
2026-01-05 14:30:17,719 - DEBUG - running missing check
2026-01-05 14:30:17,727 - DEBUG - running phantom zone qc
2026-01-05 14:30:18,201 - DEBUG - running missing check
2026-01-05 14:30:18,209 - DEBUG - running phantom zone qc
2026-01-05 14:30:18,906 - DEBUG - running missing check
2026-01-05 14:30:18,913 - DEBUG - running phantom zone qc
2026-01-05 14:30:19,421 - DEBUG - running missing check
2026-01-05 14:30:19,429 - DEBUG - running phantom zone qc
2026-01-05 14:30:19,965 - DEBUG - running missing check
2026-01-05 14:30:19,973 - DEBUG - running phantom zone qc
2026-01-05 14:30:20,473 - DEBUG - running missing check
2026-01-05 14:30:20,482 - DEBUG - running phantom zone qc
2026-01-05 14:30:20,971 - DEBUG - running missing check
2026-01-05 14:30:20,977 - DEBUG - running phantom zone qc
2026-01-05 14:30:21,482 - DEBUG - running missing check
2026-01-05 14:30:21,490 - DEBUG - running phantom zone qc
2026-01-05 14:30:24,227 - DEBUG - running missing check
2026-01-05 14:30:24,235 - DEBUG - running phantom zone qc
2026-01-05 14:30:24,615 - DEBUG - running missing check
2026-01-05 14:30:24,620 - DEBUG - running phantom zone qc
2026-01-05 14:30:26,419 - DEBUG - running missing check
2026-01-05 14:30:26,430 - DEBUG - running phantom zone qc
2026-01-05 14:30:29,098 - DEBUG - running missing check
2026-01-05 14:30:29,106 - DEBUG - running phantom zone qc
2026-01-05 14:30:33,266 - WARNING - Skipping file with long duration (0 days 04:44:14): /mnt/lss/Projects/BOOST/InterventionStudy/3-experiment/data/polarhrcsv/Supervised/sub8020/8020_wk6_ses30.CSV
2026-01-05 14:30:33,980 - DEBUG - running missing check
2026-01-05 14:30:33,988 - DEBUG - running phantom zone qc
2026-01-05 14:30:35,665 - DEBUG - running missing check
2026-01-05 14:30:35,673 - DEBUG - running phantom zone qc
2026-01-05 14:30:36,313 - WARNING - Skipping file with long duration (0 days 05:52:09): /mnt/lss/Projects/BOOST/InterventionStudy/3-experiment/data/polarhrcsv/Supervised/sub8020/8020_wk5_ses21.CSV
2026-01-05 14:30:36,883 - DEBUG - running missing check
2026-01-05 14:30:36,894 - DEBUG - running phantom zone qc
2026-01-05 14:30:37,416 - DEBUG - running missing check
2026-01-05 14:30:37,427 - DEBUG - running phantom zone qc
2026-01-05 14:30:37,953 - DEBUG - running missing check
2026-01-05 14:30:37,963 - DEBUG - running phantom zone qc
2026-01-05 14:30:38,484 - DEBUG - running missing check
2026-01-05 14:30:38,493 - DEBUG - running phantom zone qc
2026-01-05 14:30:38,962 - DEBUG - running missing check
2026-01-05 14:30:38,971 - DEBUG - running phantom zone qc
2026-01-05 14:30:39,241 - DEBUG - running missing check
2026-01-05 14:30:39,249 - DEBUG - running phantom zone qc
2026-01-05 14:30:39,648 - DEBUG - running missing check
2026-01-05 14:30:39,655 - DEBUG - running phantom zone qc
2026-01-05 14:30:40,108 - DEBUG - running missing check
2026-01-05 14:30:40,118 - DEBUG - running phantom zone qc
2026-01-05 14:30:40,765 - WARNING - Skipping file with long duration (0 days 11:04:25): /mnt/lss/Projects/BOOST/InterventionStudy/3-experiment/data/polarhrcsv/Supervised/sub8020/8020_wk5_ses23.CSV
2026-01-05 14:30:41,270 - DEBUG - running missing check
2026-01-05 14:30:41,275 - DEBUG - running phantom zone qc
2026-01-05 14:30:42,071 - WARNING - Skipping file with long duration (0 days 10:29:40): /mnt/lss/Projects/BOOST/InterventionStudy/3-experiment/data/polarhrcsv/Supervised/sub8020/8020_wk5_ses24.CSV
2026-01-05 14:30:42,638 - DEBUG - running missing check
2026-01-05 14:30:42,646 - DEBUG - running phantom zone qc
2026-01-05 14:30:43,018 - DEBUG - running missing check
2026-01-05 14:30:43,031 - DEBUG - running phantom zone qc
2026-01-05 14:30:43,377 - DEBUG - running missing check
2026-01-05 14:30:43,386 - DEBUG - running phantom zone qc
2026-01-05 14:30:43,921 - DEBUG - running missing check
2026-01-05 14:30:43,929 - DEBUG - running phantom zone qc
2026-01-05 14:30:44,235 - DEBUG - running missing check
2026-01-05 14:30:44,244 - DEBUG - running phantom zone qc
2026-01-05 14:30:44,572 - DEBUG - running missing check
2026-01-05 14:30:44,581 - DEBUG - running phantom zone qc
2026-01-05 14:30:46,376 - DEBUG - running missing check
2026-01-05 14:30:46,384 - DEBUG - running phantom zone qc
2026-01-05 14:30:46,782 - DEBUG - running missing check
2026-01-05 14:30:46,790 - DEBUG - running phantom zone qc
2026-01-05 14:30:47,142 - DEBUG - running missing check
2026-01-05 14:30:47,151 - DEBUG - running phantom zone qc
2026-01-05 14:30:47,714 - DEBUG - running missing check
2026-01-05 14:30:47,721 - DEBUG - running phantom zone qc
2026-01-05 14:30:48,194 - DEBUG - running missing check
2026-01-05 14:30:48,202 - DEBUG - running phantom zone qc
2026-01-05 14:30:48,750 - DEBUG - running missing check
2026-01-05 14:30:48,758 - DEBUG - running phantom zone qc
2026-01-05 14:30:49,228 - DEBUG - running missing check
2026-01-05 14:30:49,236 - DEBUG - running phantom zone qc
2026-01-05 14:30:49,777 - DEBUG - running missing check
2026-01-05 14:30:49,785 - DEBUG - running phantom zone qc
2026-01-05 14:30:51,391 - DEBUG - running missing check
2026-01-05 14:30:51,400 - DEBUG - running phantom zone qc
2026-01-05 14:30:51,880 - DEBUG - running missing check
2026-01-05 14:30:51,888 - DEBUG - running phantom zone qc
2026-01-05 14:30:52,364 - DEBUG - running missing check
2026-01-05 14:30:52,385 - DEBUG - running phantom zone qc
2026-01-05 14:30:52,682 - DEBUG - running missing check
2026-01-05 14:30:52,689 - DEBUG - running phantom zone qc
2026-01-05 14:30:53,086 - DEBUG - running missing check
2026-01-05 14:30:53,094 - DEBUG - running phantom zone qc
2026-01-05 14:30:53,534 - DEBUG - running missing check
2026-01-05 14:30:53,545 - DEBUG - running phantom zone qc
2026-01-05 14:30:53,829 - DEBUG - running missing check
2026-01-05 14:30:53,836 - DEBUG - running phantom zone qc
2026-01-05 14:30:54,329 - DEBUG - running missing check
2026-01-05 14:30:54,337 - DEBUG - running phantom zone qc
2026-01-05 14:30:54,874 - DEBUG - running missing check
2026-01-05 14:30:54,883 - DEBUG - running phantom zone qc
2026-01-05 14:30:55,401 - DEBUG - running missing check
2026-01-05 14:30:55,408 - DEBUG - running phantom zone qc
2026-01-05 14:30:55,855 - DEBUG - running missing check
2026-01-05 14:30:55,863 - DEBUG - running phantom zone qc
2026-01-05 14:30:56,305 - DEBUG - running missing check
2026-01-05 14:30:56,313 - DEBUG - running phantom zone qc
2026-01-05 14:30:57,720 - DEBUG - running missing check
2026-01-05 14:30:57,732 - DEBUG - running phantom zone qc
2026-01-05 14:30:59,136 - DEBUG - running missing check
2026-01-05 14:30:59,144 - DEBUG - running phantom zone qc
2026-01-05 14:30:59,506 - DEBUG - running missing check
2026-01-05 14:30:59,513 - DEBUG - running phantom zone qc
2026-01-05 14:30:59,792 - DEBUG - running missing check
2026-01-05 14:30:59,799 - DEBUG - running phantom zone qc
2026-01-05 14:31:00,311 - DEBUG - running missing check
2026-01-05 14:31:00,323 - DEBUG - running phantom zone qc
2026-01-05 14:31:03,820 - DEBUG - running missing check
2026-01-05 14:31:03,828 - DEBUG - running phantom zone qc
2026-01-05 14:31:04,269 - DEBUG - running missing check
2026-01-05 14:31:04,276 - DEBUG - running phantom zone qc
2026-01-05 14:31:04,801 - DEBUG - running missing check
2026-01-05 14:31:04,809 - DEBUG - running phantom zone qc
2026-01-05 14:31:07,354 - DEBUG - running missing check
2026-01-05 14:31:07,364 - DEBUG - running phantom zone qc
2026-01-05 14:31:07,835 - DEBUG - running missing check
2026-01-05 14:31:07,842 - DEBUG - running phantom zone qc
2026-01-05 14:31:08,368 - DEBUG - running missing check
2026-01-05 14:31:08,376 - DEBUG - running phantom zone qc
2026-01-05 14:31:09,481 - DEBUG - running missing check
2026-01-05 14:31:09,489 - DEBUG - running phantom zone qc
2026-01-05 14:31:09,926 - DEBUG - running missing check
2026-01-05 14:31:09,933 - DEBUG - running phantom zone qc
2026-01-05 14:31:10,229 - DEBUG - running missing check
2026-01-05 14:31:10,234 - DEBUG - running phantom zone qc
2026-01-05 14:31:10,756 - DEBUG - running missing check
2026-01-05 14:31:10,763 - DEBUG - running phantom zone qc
2026-01-05 14:31:11,170 - DEBUG - running missing check
2026-01-05 14:31:11,177 - DEBUG - running phantom zone qc
2026-01-05 14:31:11,562 - DEBUG - running missing check
2026-01-05 14:31:11,572 - DEBUG - running phantom zone qc
2026-01-05 14:31:11,903 - DEBUG - running missing check
2026-01-05 14:31:11,910 - DEBUG - running phantom zone qc
2026-01-05 14:31:12,356 - DEBUG - running missing check
2026-01-05 14:31:12,364 - DEBUG - running phantom zone qc
2026-01-05 14:31:13,021 - DEBUG - running missing check
2026-01-05 14:31:13,029 - DEBUG - running phantom zone qc
2026-01-05 14:31:14,578 - DEBUG - running missing check
2026-01-05 14:31:14,585 - DEBUG - running phantom zone qc
2026-01-05 14:31:15,028 - DEBUG - running missing check
2026-01-05 14:31:15,035 - DEBUG - running phantom zone qc
2026-01-05 14:31:15,544 - DEBUG - running missing check
2026-01-05 14:31:15,551 - DEBUG - running phantom zone qc
2026-01-05 14:31:17,700 - DEBUG - running missing check
2026-01-05 14:31:17,707 - DEBUG - running phantom zone qc
2026-01-05 14:31:21,539 - DEBUG - running missing check
2026-01-05 14:31:21,546 - DEBUG - running phantom zone qc
2026-01-05 14:31:22,011 - DEBUG - running missing check
2026-01-05 14:31:22,018 - DEBUG - running phantom zone qc
2026-01-05 14:31:22,640 - DEBUG - running missing check
2026-01-05 14:31:22,647 - DEBUG - running phantom zone qc
2026-01-05 14:31:23,092 - DEBUG - running missing check
2026-01-05 14:31:23,099 - DEBUG - running phantom zone qc
2026-01-05 14:31:24,419 - DEBUG - running missing check
2026-01-05 14:31:24,426 - DEBUG - running phantom zone qc
2026-01-05 14:31:25,732 - DEBUG - running missing check
2026-01-05 14:31:25,739 - DEBUG - running phantom zone qc
2026-01-05 14:31:26,133 - DEBUG - running missing check
2026-01-05 14:31:26,143 - DEBUG - running phantom zone qc
2026-01-05 14:31:27,142 - DEBUG - running missing check
2026-01-05 14:31:27,150 - DEBUG - running phantom zone qc
2026-01-05 14:31:31,170 - DEBUG - running missing check
2026-01-05 14:31:31,177 - DEBUG - running phantom zone qc
2026-01-05 14:31:31,554 - DEBUG - running missing check
2026-01-05 14:31:31,561 - DEBUG - running phantom zone qc
2026-01-05 14:31:31,826 - DEBUG - running missing check
2026-01-05 14:31:31,834 - DEBUG - running phantom zone qc
2026-01-05 14:31:34,005 - DEBUG - running missing check
2026-01-05 14:31:34,015 - DEBUG - running phantom zone qc
2026-01-05 14:31:36,381 - DEBUG - running missing check
2026-01-05 14:31:36,389 - DEBUG - running phantom zone qc
2026-01-05 14:31:36,824 - DEBUG - running missing check
2026-01-05 14:31:36,832 - DEBUG - running phantom zone qc
2026-01-05 14:31:37,329 - DEBUG - running missing check
2026-01-05 14:31:37,337 - DEBUG - running phantom zone qc
2026-01-05 14:31:38,324 - DEBUG - running missing check
2026-01-05 14:31:38,331 - DEBUG - running phantom zone qc
2026-01-05 14:31:38,812 - DEBUG - running missing check
2026-01-05 14:31:38,820 - DEBUG - running phantom zone qc
2026-01-05 14:31:39,118 - DEBUG - running missing check
2026-01-05 14:31:39,126 - DEBUG - running phantom zone qc
2026-01-05 14:31:39,932 - DEBUG - running missing check
2026-01-05 14:31:39,941 - DEBUG - running phantom zone qc
2026-01-05 14:31:41,252 - DEBUG - running missing check
2026-01-05 14:31:41,260 - DEBUG - running phantom zone qc
2026-01-05 14:31:41,566 - DEBUG - running missing check
2026-01-05 14:31:41,573 - DEBUG - running phantom zone qc
2026-01-05 14:31:41,933 - DEBUG - running missing check
2026-01-05 14:31:41,941 - DEBUG - running phantom zone qc
2026-01-05 14:31:44,056 - DEBUG - running missing check
2026-01-05 14:31:44,063 - DEBUG - running phantom zone qc
2026-01-05 14:31:46,737 - DEBUG - running missing check
2026-01-05 14:31:46,744 - DEBUG - running phantom zone qc
2026-01-05 14:31:47,120 - DEBUG - running missing check
2026-01-05 14:31:47,128 - DEBUG - running phantom zone qc
2026-01-05 14:31:47,464 - DEBUG - running missing check
2026-01-05 14:31:47,472 - DEBUG - running phantom zone qc
2026-01-05 14:31:51,420 - DEBUG - running missing check
2026-01-05 14:31:51,427 - DEBUG - running phantom zone qc
2026-01-05 14:31:52,060 - DEBUG - running missing check
2026-01-05 14:31:52,068 - DEBUG - running phantom zone qc
2026-01-05 14:31:54,092 - DEBUG - running missing check
2026-01-05 14:31:54,100 - DEBUG - running phantom zone qc
2026-01-05 14:31:54,554 - DEBUG - running missing check
2026-01-05 14:31:54,562 - DEBUG - running phantom zone qc
2026-01-05 14:31:55,055 - DEBUG - running missing check
2026-01-05 14:31:55,064 - DEBUG - running phantom zone qc
2026-01-05 14:31:55,386 - DEBUG - running missing check
2026-01-05 14:31:55,394 - DEBUG - running phantom zone qc
2026-01-05 14:31:55,893 - DEBUG - running missing check
2026-01-05 14:31:55,900 - DEBUG - running phantom zone qc
2026-01-05 14:31:58,048 - DEBUG - running missing check
2026-01-05 14:31:58,056 - DEBUG - running phantom zone qc
2026-01-05 14:31:58,534 - DEBUG - running missing check
2026-01-05 14:31:58,542 - DEBUG - running phantom zone qc
2026-01-05 14:31:59,067 - DEBUG - running missing check
2026-01-05 14:31:59,074 - DEBUG - running phantom zone qc
2026-01-05 14:31:59,435 - DEBUG - running missing check
2026-01-05 14:31:59,443 - DEBUG - running phantom zone qc
2026-01-05 14:32:00,215 - DEBUG - running missing check
2026-01-05 14:32:00,228 - DEBUG - running phantom zone qc
2026-01-05 14:32:00,612 - DEBUG - running missing check
2026-01-05 14:32:00,619 - DEBUG - running phantom zone qc
2026-01-05 14:32:01,228 - DEBUG - running missing check
2026-01-05 14:32:01,236 - DEBUG - running phantom zone qc
2026-01-05 14:32:04,562 - DEBUG - running missing check
2026-01-05 14:32:04,570 - DEBUG - running phantom zone qc
2026-01-05 14:32:05,089 - DEBUG - running missing check
2026-01-05 14:32:05,096 - DEBUG - running phantom zone qc
2026-01-05 14:32:05,650 - DEBUG - running missing check
2026-01-05 14:32:05,658 - DEBUG - running phantom zone qc
2026-01-05 14:32:06,143 - DEBUG - running missing check
2026-01-05 14:32:06,151 - DEBUG - running phantom zone qc
2026-01-05 14:32:07,920 - DEBUG - running missing check
2026-01-05 14:32:07,928 - DEBUG - running phantom zone qc
2026-01-05 14:32:08,404 - DEBUG - running missing check
2026-01-05 14:32:08,412 - DEBUG - running phantom zone qc
2026-01-05 14:32:09,337 - DEBUG - running missing check
2026-01-05 14:32:09,344 - DEBUG - running phantom zone qc
2026-01-05 14:32:11,679 - DEBUG - running missing check
2026-01-05 14:32:11,686 - DEBUG - running phantom zone qc
2026-01-05 14:32:12,095 - DEBUG - running missing check
2026-01-05 14:32:12,103 - DEBUG - running phantom zone qc
2026-01-05 14:32:12,563 - DEBUG - running missing check
2026-01-05 14:32:12,571 - DEBUG - running phantom zone qc
2026-01-05 14:32:12,843 - DEBUG - running missing check
2026-01-05 14:32:12,850 - DEBUG - running phantom zone qc
2026-01-05 14:32:13,709 - DEBUG - running missing check
2026-01-05 14:32:13,716 - DEBUG - running phantom zone qc
2026-01-05 14:32:18,285 - DEBUG - running missing check
2026-01-05 14:32:18,299 - DEBUG - running phantom zone qc
2026-01-05 14:32:18,772 - DEBUG - running missing check
2026-01-05 14:32:18,780 - DEBUG - running phantom zone qc
2026-01-05 14:32:20,293 - DEBUG - running missing check
2026-01-05 14:32:20,300 - DEBUG - running phantom zone qc
2026-01-05 14:32:20,778 - DEBUG - running missing check
2026-01-05 14:32:20,788 - DEBUG - running phantom zone qc
2026-01-05 14:32:21,367 - DEBUG - running missing check
2026-01-05 14:32:21,376 - DEBUG - running phantom zone qc
2026-01-05 14:32:21,877 - DEBUG - running missing check
2026-01-05 14:32:21,887 - DEBUG - running phantom zone qc
2026-01-05 14:32:22,369 - DEBUG - running missing check
2026-01-05 14:32:22,377 - DEBUG - running phantom zone qc
2026-01-05 14:32:22,714 - DEBUG - running missing check
2026-01-05 14:32:22,722 - DEBUG - running phantom zone qc
2026-01-05 14:32:26,586 - DEBUG - running missing check
2026-01-05 14:32:26,594 - DEBUG - running phantom zone qc
2026-01-05 14:32:30,176 - DEBUG - running missing check
2026-01-05 14:32:30,185 - DEBUG - running phantom zone qc
2026-01-05 14:32:31,099 - DEBUG - running missing check
2026-01-05 14:32:31,121 - DEBUG - running phantom zone qc
2026-01-05 14:32:33,783 - DEBUG - running missing check
2026-01-05 14:32:33,791 - DEBUG - running phantom zone qc
2026-01-05 14:32:36,527 - DEBUG - running missing check
2026-01-05 14:32:36,537 - DEBUG - running phantom zone qc
2026-01-05 14:32:38,761 - DEBUG - running missing check
2026-01-05 14:32:38,773 - DEBUG - running phantom zone qc
2026-01-05 14:32:39,310 - DEBUG - running missing check
2026-01-05 14:32:39,337 - DEBUG - running phantom zone qc
2026-01-05 14:32:39,900 - DEBUG - running missing check
2026-01-05 14:32:39,909 - DEBUG - running phantom zone qc
2026-01-05 14:32:40,484 - DEBUG - running missing check
2026-01-05 14:32:40,496 - DEBUG - running phantom zone qc
2026-01-05 14:32:40,999 - DEBUG - running missing check
2026-01-05 14:32:41,007 - DEBUG - running phantom zone qc
2026-01-05 14:32:41,615 - DEBUG - running missing check
2026-01-05 14:32:41,633 - DEBUG - running phantom zone qc
2026-01-05 14:32:42,276 - DEBUG - running missing check
2026-01-05 14:32:42,294 - DEBUG - running phantom zone qc
2026-01-05 14:32:42,785 - DEBUG - running missing check
2026-01-05 14:32:42,794 - DEBUG - running phantom zone qc
2026-01-05 14:32:43,374 - DEBUG - running missing check
2026-01-05 14:32:43,387 - DEBUG - running phantom zone qc
2026-01-05 14:32:43,921 - DEBUG - running missing check
2026-01-05 14:32:43,932 - DEBUG - running phantom zone qc
2026-01-05 14:32:44,551 - DEBUG - running missing check
2026-01-05 14:32:44,566 - DEBUG - running phantom zone qc
2026-01-05 14:32:45,129 - DEBUG - running missing check
2026-01-05 14:32:45,140 - DEBUG - running phantom zone qc
2026-01-05 14:32:45,697 - DEBUG - running missing check
2026-01-05 14:32:45,710 - DEBUG - running phantom zone qc
2026-01-05 14:32:46,660 - DEBUG - running missing check
2026-01-05 14:32:46,675 - DEBUG - running phantom zone qc
2026-01-05 14:32:47,020 - DEBUG - running missing check
2026-01-05 14:32:47,028 - DEBUG - running phantom zone qc
2026-01-05 14:32:47,512 - WARNING - Skipping file with long duration (0 days 04:22:21): /mnt/lss/Projects/BOOST/InterventionStudy/3-experiment/data/polarhrcsv/Supervised/sub8030/8030_wk1_ses3.CSV
2026-01-05 14:32:49,092 - WARNING - Skipping file with long duration (0 days 04:08:16): /mnt/lss/Projects/BOOST/InterventionStudy/3-experiment/data/polarhrcsv/Supervised/sub8030/8030_wk2_ses10.CSV
2026-01-05 14:32:50,148 - WARNING - Skipping file with long duration (0 days 11:28:11): /mnt/lss/Projects/BOOST/InterventionStudy/3-experiment/data/polarhrcsv/Supervised/sub8030/8030_wk1_ses4.CSV
2026-01-05 14:32:50,934 - DEBUG - running missing check
2026-01-05 14:32:50,945 - DEBUG - running phantom zone qc
2026-01-05 14:32:51,398 - DEBUG - running missing check
2026-01-05 14:32:51,408 - DEBUG - running phantom zone qc
2026-01-05 14:32:51,992 - DEBUG - running missing check
2026-01-05 14:32:52,002 - DEBUG - running phantom zone qc
2026-01-05 14:32:52,319 - DEBUG - running missing check
2026-01-05 14:32:52,328 - DEBUG - running phantom zone qc
2026-01-05 14:32:52,666 - DEBUG - running missing check
2026-01-05 14:32:52,675 - DEBUG - running phantom zone qc
2026-01-05 14:32:53,286 - DEBUG - running missing check
2026-01-05 14:32:53,294 - DEBUG - running phantom zone qc
2026-01-05 14:32:54,931 - WARNING - Found 1649 time values with hour >= 24 in /mnt/lss/Projects/BOOST/InterventionStudy/3-experiment/data/polarhrcsv/Supervised/sub8030/8030_wk3_ses11.CSV (sample 24:00:00); normalizing to HH%24
2026-01-05 14:32:55,056 - WARNING - Skipping file with long duration (1 days 00:27:28): /mnt/lss/Projects/BOOST/InterventionStudy/3-experiment/data/polarhrcsv/Supervised/sub8030/8030_wk3_ses11.CSV
2026-01-05 14:32:55,866 - DEBUG - running missing check
2026-01-05 14:32:55,876 - DEBUG - running phantom zone qc
2026-01-05 14:32:56,469 - DEBUG - running missing check
2026-01-05 14:32:56,483 - DEBUG - running phantom zone qc
2026-01-05 14:32:57,038 - DEBUG - running missing check
2026-01-05 14:32:57,048 - DEBUG - running phantom zone qc
2026-01-05 14:32:57,451 - DEBUG - running missing check
2026-01-05 14:32:57,459 - DEBUG - running phantom zone qc
2026-01-05 14:32:57,791 - DEBUG - running missing check
2026-01-05 14:32:57,798 - DEBUG - running phantom zone qc
2026-01-05 14:32:58,376 - DEBUG - running missing check
2026-01-05 14:32:58,383 - DEBUG - running phantom zone qc
2026-01-05 14:32:58,797 - DEBUG - running missing check
2026-01-05 14:32:58,805 - DEBUG - running phantom zone qc
2026-01-05 14:32:59,062 - DEBUG - running missing check
2026-01-05 14:32:59,090 - DEBUG - running phantom zone qc
2026-01-05 14:32:59,664 - DEBUG - running missing check
2026-01-05 14:32:59,671 - DEBUG - running phantom zone qc
2026-01-05 14:32:59,924 - DEBUG - running missing check
2026-01-05 14:32:59,931 - DEBUG - running phantom zone qc
2026-01-05 14:33:00,208 - DEBUG - running missing check
2026-01-05 14:33:00,215 - DEBUG - running phantom zone qc
2026-01-05 14:33:02,701 - DEBUG - running missing check
2026-01-05 14:33:02,709 - DEBUG - running phantom zone qc
2026-01-05 14:33:03,196 - DEBUG - running missing check
2026-01-05 14:33:03,204 - DEBUG - running phantom zone qc
2026-01-05 14:33:03,745 - DEBUG - running missing check
2026-01-05 14:33:03,752 - DEBUG - running phantom zone qc
2026-01-05 14:33:04,196 - DEBUG - running missing check
2026-01-05 14:33:04,204 - DEBUG - running phantom zone qc
2026-01-05 14:33:04,710 - DEBUG - running missing check
2026-01-05 14:33:04,717 - DEBUG - running phantom zone qc
2026-01-05 14:33:05,173 - DEBUG - running missing check
2026-01-05 14:33:05,180 - DEBUG - running phantom zone qc
2026-01-05 14:33:05,816 - DEBUG - running missing check
2026-01-05 14:33:05,824 - DEBUG - running phantom zone qc
2026-01-05 14:33:06,160 - DEBUG - running missing check
2026-01-05 14:33:06,223 - DEBUG - running phantom zone qc
2026-01-05 14:33:06,837 - DEBUG - running missing check
2026-01-05 14:33:06,844 - DEBUG - running phantom zone qc
2026-01-05 14:33:07,209 - DEBUG - running missing check
2026-01-05 14:33:07,216 - DEBUG - running phantom zone qc
2026-01-05 14:33:07,536 - DEBUG - running missing check
2026-01-05 14:33:07,543 - DEBUG - running phantom zone qc
2026-01-05 14:33:08,132 - DEBUG - running missing check
2026-01-05 14:33:08,138 - DEBUG - running phantom zone qc
2026-01-05 14:33:08,519 - DEBUG - running missing check
2026-01-05 14:33:08,526 - DEBUG - running phantom zone qc
2026-01-05 14:33:09,153 - DEBUG - running missing check
2026-01-05 14:33:09,160 - DEBUG - running phantom zone qc
2026-01-05 14:33:09,637 - DEBUG - running missing check
2026-01-05 14:33:09,644 - DEBUG - running phantom zone qc
2026-01-05 14:33:10,180 - DEBUG - running missing check
2026-01-05 14:33:10,188 - DEBUG - running phantom zone qc
2026-01-05 14:33:10,542 - DEBUG - running missing check
2026-01-05 14:33:10,549 - DEBUG - running phantom zone qc
2026-01-05 14:33:11,556 - DEBUG - running missing check
2026-01-05 14:33:11,564 - DEBUG - running phantom zone qc
2026-01-05 14:33:11,862 - DEBUG - running missing check
2026-01-05 14:33:11,871 - DEBUG - running phantom zone qc
2026-01-05 14:33:12,495 - DEBUG - running missing check
2026-01-05 14:33:12,502 - DEBUG - running phantom zone qc
2026-01-05 14:33:15,618 - WARNING - Found 18013 time values with hour >= 24 in /mnt/lss/Projects/BOOST/InterventionStudy/3-experiment/data/polarhrcsv/Supervised/sub8019/8019_wk1_ses4.CSV (sample 24:00:00); normalizing to HH%24
2026-01-05 14:33:15,767 - WARNING - Skipping file with long duration (1 days 05:00:12): /mnt/lss/Projects/BOOST/InterventionStudy/3-experiment/data/polarhrcsv/Supervised/sub8019/8019_wk1_ses4.CSV
2026-01-05 14:33:16,446 - DEBUG - running missing check
2026-01-05 14:33:16,451 - DEBUG - running phantom zone qc
2026-01-05 14:33:16,782 - DEBUG - running missing check
2026-01-05 14:33:16,791 - DEBUG - running phantom zone qc
2026-01-05 14:33:17,210 - DEBUG - running missing check
2026-01-05 14:33:17,218 - DEBUG - running phantom zone qc
2026-01-05 14:33:17,765 - DEBUG - running missing check
2026-01-05 14:33:17,774 - DEBUG - running phantom zone qc
2026-01-05 14:33:18,170 - DEBUG - running missing check
2026-01-05 14:33:18,177 - DEBUG - running phantom zone qc
2026-01-05 14:33:18,499 - DEBUG - running missing check
2026-01-05 14:33:18,507 - DEBUG - running phantom zone qc
2026-01-05 14:33:19,068 - DEBUG - running missing check
2026-01-05 14:33:19,074 - DEBUG - running phantom zone qc
2026-01-05 14:33:19,468 - DEBUG - running missing check
2026-01-05 14:33:19,473 - DEBUG - running phantom zone qc
2026-01-05 14:33:19,780 - DEBUG - running missing check
2026-01-05 14:33:19,787 - DEBUG - running phantom zone qc
2026-01-05 14:33:20,439 - DEBUG - running missing check
2026-01-05 14:33:20,446 - DEBUG - running phantom zone qc
2026-01-05 14:33:20,776 - DEBUG - running missing check
2026-01-05 14:33:20,785 - DEBUG - running phantom zone qc
2026-01-05 14:33:21,147 - DEBUG - running missing check
2026-01-05 14:33:21,154 - DEBUG - running phantom zone qc
2026-01-05 14:33:22,716 - DEBUG - running missing check
2026-01-05 14:33:22,724 - DEBUG - running phantom zone qc
2026-01-05 14:33:23,106 - DEBUG - running missing check
2026-01-05 14:33:23,114 - DEBUG - running phantom zone qc
2026-01-05 14:33:23,420 - DEBUG - running missing check
2026-01-05 14:33:23,427 - DEBUG - running phantom zone qc
2026-01-05 14:33:24,498 - DEBUG - running missing check
2026-01-05 14:33:24,506 - DEBUG - running phantom zone qc
2026-01-05 14:33:24,960 - DEBUG - running missing check
2026-01-05 14:33:24,968 - DEBUG - running phantom zone qc
2026-01-05 14:33:25,403 - DEBUG - running missing check
2026-01-05 14:33:25,411 - DEBUG - running phantom zone qc
2026-01-05 14:33:25,786 - DEBUG - running missing check
2026-01-05 14:33:25,793 - DEBUG - running phantom zone qc
2026-01-05 14:33:26,293 - DEBUG - running missing check
2026-01-05 14:33:26,300 - DEBUG - running phantom zone qc
2026-01-05 14:33:26,737 - DEBUG - running missing check
2026-01-05 14:33:26,745 - DEBUG - running phantom zone qc
2026-01-05 14:33:27,516 - DEBUG - running missing check
2026-01-05 14:33:27,524 - DEBUG - running phantom zone qc
2026-01-05 14:33:28,139 - DEBUG - running missing check
2026-01-05 14:33:28,146 - DEBUG - running phantom zone qc
2026-01-05 14:33:28,546 - DEBUG - running missing check
2026-01-05 14:33:28,553 - DEBUG - running phantom zone qc
2026-01-05 14:33:29,131 - DEBUG - running missing check
2026-01-05 14:33:29,139 - DEBUG - running phantom zone qc
2026-01-05 14:33:29,483 - DEBUG - running missing check
2026-01-05 14:33:29,491 - DEBUG - running phantom zone qc
2026-01-05 14:33:29,766 - DEBUG - running missing check
2026-01-05 14:33:29,775 - DEBUG - running phantom zone qc
2026-01-05 14:33:30,245 - DEBUG - running missing check
2026-01-05 14:33:30,252 - DEBUG - running phantom zone qc
2026-01-05 14:33:30,590 - DEBUG - running missing check
2026-01-05 14:33:30,597 - DEBUG - running phantom zone qc
2026-01-05 14:33:30,873 - DEBUG - running missing check
2026-01-05 14:33:30,881 - DEBUG - running phantom zone qc
2026-01-05 14:33:31,336 - DEBUG - running missing check
2026-01-05 14:33:31,343 - DEBUG - running phantom zone qc
2026-01-05 14:33:31,946 - DEBUG - running missing check
2026-01-05 14:33:31,953 - DEBUG - running phantom zone qc
2026-01-05 14:33:32,431 - DEBUG - running missing check
2026-01-05 14:33:32,438 - DEBUG - running phantom zone qc
2026-01-05 14:33:32,820 - DEBUG - running missing check
2026-01-05 14:33:32,828 - DEBUG - running phantom zone qc
2026-01-05 14:33:33,140 - DEBUG - running missing check
2026-01-05 14:33:33,148 - DEBUG - running phantom zone qc
2026-01-05 14:33:33,756 - DEBUG - running missing check
2026-01-05 14:33:33,764 - DEBUG - running phantom zone qc
2026-01-05 14:33:35,607 - DEBUG - running missing check
2026-01-05 14:33:35,614 - DEBUG - running phantom zone qc
2026-01-05 14:33:36,066 - DEBUG - running missing check
2026-01-05 14:33:36,075 - DEBUG - running phantom zone qc
2026-01-05 14:33:36,568 - DEBUG - running missing check
2026-01-05 14:33:36,576 - DEBUG - running phantom zone qc
2026-01-05 14:33:36,893 - DEBUG - running missing check
2026-01-05 14:33:36,901 - DEBUG - running phantom zone qc
2026-01-05 14:33:37,362 - DEBUG - running missing check
2026-01-05 14:33:37,369 - DEBUG - running phantom zone qc
2026-01-05 14:33:37,945 - DEBUG - running missing check
2026-01-05 14:33:37,954 - DEBUG - running phantom zone qc
2026-01-05 14:33:38,420 - DEBUG - running missing check
2026-01-05 14:33:38,427 - DEBUG - running phantom zone qc
2026-01-05 14:33:38,917 - DEBUG - running missing check
2026-01-05 14:33:38,924 - DEBUG - running phantom zone qc
2026-01-05 14:33:39,198 - DEBUG - running missing check
2026-01-05 14:33:39,205 - DEBUG - running phantom zone qc
2026-01-05 14:33:39,640 - DEBUG - running missing check
2026-01-05 14:33:39,648 - DEBUG - running phantom zone qc
2026-01-05 14:33:40,043 - DEBUG - running missing check
2026-01-05 14:33:40,050 - DEBUG - running phantom zone qc
2026-01-05 14:33:40,384 - DEBUG - running missing check
2026-01-05 14:33:40,392 - DEBUG - running phantom zone qc
2026-01-05 14:33:40,937 - DEBUG - running missing check
2026-01-05 14:33:40,943 - DEBUG - running phantom zone qc
2026-01-05 14:33:41,422 - DEBUG - running missing check
2026-01-05 14:33:41,431 - DEBUG - running phantom zone qc
2026-01-05 14:33:42,015 - DEBUG - running missing check
2026-01-05 14:33:42,023 - DEBUG - running phantom zone qc
2026-01-05 14:33:42,460 - DEBUG - running missing check
2026-01-05 14:33:42,467 - DEBUG - running phantom zone qc
2026-01-05 14:33:42,992 - DEBUG - running missing check
2026-01-05 14:33:42,999 - DEBUG - running phantom zone qc
2026-01-05 14:33:43,441 - DEBUG - running missing check
2026-01-05 14:33:43,451 - DEBUG - running phantom zone qc
2026-01-05 14:33:43,835 - DEBUG - running missing check
2026-01-05 14:33:43,842 - DEBUG - running phantom zone qc
2026-01-05 14:33:44,354 - DEBUG - running missing check
2026-01-05 14:33:44,361 - DEBUG - running phantom zone qc
2026-01-05 14:33:44,711 - DEBUG - running missing check
2026-01-05 14:33:44,719 - DEBUG - running phantom zone qc
2026-01-05 14:33:45,098 - DEBUG - running missing check
2026-01-05 14:33:45,105 - DEBUG - running phantom zone qc
2026-01-05 14:33:45,480 - DEBUG - running missing check
2026-01-05 14:33:45,487 - DEBUG - running phantom zone qc
2026-01-05 14:33:45,835 - DEBUG - running missing check
2026-01-05 14:33:45,842 - DEBUG - running phantom zone qc
2026-01-05 14:33:46,196 - DEBUG - running missing check
2026-01-05 14:33:46,204 - DEBUG - running phantom zone qc
2026-01-05 14:33:46,592 - DEBUG - running missing check
2026-01-05 14:33:46,599 - DEBUG - running phantom zone qc
2026-01-05 14:33:46,988 - DEBUG - running missing check
2026-01-05 14:33:46,998 - DEBUG - running phantom zone qc
2026-01-05 14:33:47,340 - DEBUG - running missing check
2026-01-05 14:33:47,348 - DEBUG - running phantom zone qc
2026-01-05 14:33:47,770 - DEBUG - running missing check
2026-01-05 14:33:47,777 - DEBUG - running phantom zone qc
2026-01-05 14:33:48,103 - DEBUG - running missing check
2026-01-05 14:33:48,110 - DEBUG - running phantom zone qc
2026-01-05 14:33:48,506 - DEBUG - running missing check
2026-01-05 14:33:48,513 - DEBUG - running phantom zone qc
2026-01-05 14:33:48,995 - DEBUG - running missing check
2026-01-05 14:33:49,002 - DEBUG - running phantom zone qc
2026-01-05 14:33:49,570 - DEBUG - running missing check
2026-01-05 14:33:49,577 - DEBUG - running phantom zone qc
2026-01-05 14:33:53,192 - DEBUG - running missing check
2026-01-05 14:33:53,200 - DEBUG - running phantom zone qc
2026-01-05 14:33:53,572 - DEBUG - running missing check
2026-01-05 14:33:53,580 - DEBUG - running phantom zone qc
2026-01-05 14:33:53,859 - DEBUG - running missing check
2026-01-05 14:33:53,866 - DEBUG - running phantom zone qc
2026-01-05 14:33:54,273 - DEBUG - running missing check
2026-01-05 14:33:54,280 - DEBUG - running phantom zone qc
2026-01-05 14:33:54,712 - DEBUG - running missing check
2026-01-05 14:33:54,720 - DEBUG - running phantom zone qc
2026-01-05 14:33:55,621 - DEBUG - running missing check
2026-01-05 14:33:55,628 - DEBUG - running phantom zone qc
2026-01-05 14:33:56,102 - DEBUG - running missing check
2026-01-05 14:33:56,110 - DEBUG - running phantom zone qc
2026-01-05 14:33:56,633 - DEBUG - running missing check
2026-01-05 14:33:56,640 - DEBUG - running phantom zone qc
2026-01-05 14:33:56,983 - DEBUG - running missing check
2026-01-05 14:33:56,991 - DEBUG - running phantom zone qc
2026-01-05 14:33:57,453 - DEBUG - running missing check
2026-01-05 14:33:57,460 - DEBUG - running phantom zone qc
2026-01-05 14:33:57,983 - DEBUG - running missing check
2026-01-05 14:33:57,991 - DEBUG - running phantom zone qc
2026-01-05 14:33:58,415 - WARNING - Skipping file with long duration (0 days 05:03:49): /mnt/lss/Projects/BOOST/InterventionStudy/3-experiment/data/polarhrcsv/Supervised/sub8003/8003_wk2_ses9.CSV
2026-01-05 14:33:59,040 - DEBUG - running missing check
2026-01-05 14:33:59,048 - DEBUG - running phantom zone qc
2026-01-05 14:33:59,355 - DEBUG - running missing check
2026-01-05 14:33:59,362 - DEBUG - running phantom zone qc
2026-01-05 14:33:59,641 - DEBUG - running missing check
2026-01-05 14:33:59,649 - DEBUG - running phantom zone qc
2026-01-05 14:34:00,795 - WARNING - Skipping file with long duration (0 days 18:46:08): /mnt/lss/Projects/BOOST/InterventionStudy/3-experiment/data/polarhrcsv/Supervised/sub8003/8003_wk1_ses3.CSV
2026-01-05 14:34:02,678 - WARNING - Found 4837 time values with hour >= 24 in /mnt/lss/Projects/BOOST/InterventionStudy/3-experiment/data/polarhrcsv/Supervised/sub8003/8003_wk6_ses27.CSV (sample 24:00:00); normalizing to HH%24
2026-01-05 14:34:02,805 - WARNING - Skipping file with long duration (1 days 01:20:36): /mnt/lss/Projects/BOOST/InterventionStudy/3-experiment/data/polarhrcsv/Supervised/sub8003/8003_wk6_ses27.CSV
2026-01-05 14:34:03,458 - DEBUG - running missing check
2026-01-05 14:34:03,462 - DEBUG - running phantom zone qc
2026-01-05 14:34:03,781 - DEBUG - running missing check
2026-01-05 14:34:03,787 - DEBUG - running phantom zone qc
2026-01-05 14:34:04,213 - DEBUG - running missing check
2026-01-05 14:34:04,222 - DEBUG - running phantom zone qc
2026-01-05 14:34:04,789 - DEBUG - running missing check
2026-01-05 14:34:04,797 - DEBUG - running phantom zone qc
2026-01-05 14:34:05,210 - DEBUG - running missing check
2026-01-05 14:34:05,217 - DEBUG - running phantom zone qc
2026-01-05 14:34:05,551 - DEBUG - running missing check
2026-01-05 14:34:05,558 - DEBUG - running phantom zone qc
2026-01-05 14:34:06,257 - DEBUG - running missing check
2026-01-05 14:34:06,270 - DEBUG - running phantom zone qc
2026-01-05 14:34:06,595 - DEBUG - running missing check
2026-01-05 14:34:06,602 - DEBUG - running phantom zone qc
2026-01-05 14:34:07,135 - DEBUG - running missing check
2026-01-05 14:34:07,141 - DEBUG - running phantom zone qc
2026-01-05 14:34:07,557 - DEBUG - running missing check
2026-01-05 14:34:07,563 - DEBUG - running phantom zone qc
2026-01-05 14:34:07,855 - DEBUG - running missing check
2026-01-05 14:34:07,860 - DEBUG - running phantom zone qc
2026-01-05 14:34:08,461 - DEBUG - running missing check
2026-01-05 14:34:08,466 - DEBUG - running phantom zone qc
2026-01-05 14:34:08,798 - DEBUG - running missing check
2026-01-05 14:34:08,803 - DEBUG - running phantom zone qc
2026-01-05 14:34:10,351 - DEBUG - running missing check
2026-01-05 14:34:10,356 - DEBUG - running phantom zone qc
2026-01-05 14:34:10,743 - DEBUG - running missing check
2026-01-05 14:34:10,747 - DEBUG - running phantom zone qc
2026-01-05 14:34:11,158 - DEBUG - running missing check
2026-01-05 14:34:11,164 - DEBUG - running phantom zone qc
2026-01-05 14:34:11,571 - DEBUG - running missing check
2026-01-05 14:34:11,577 - DEBUG - running phantom zone qc
2026-01-05 14:34:12,094 - DEBUG - running missing check
2026-01-05 14:34:12,101 - DEBUG - running phantom zone qc
2026-01-05 14:34:12,622 - DEBUG - running missing check
2026-01-05 14:34:12,630 - DEBUG - running phantom zone qc
2026-01-05 14:34:14,334 - WARNING - Skipping file with long duration (0 days 21:12:48): /mnt/lss/Projects/BOOST/InterventionStudy/3-experiment/data/polarhrcsv/Supervised/sub8003/8003_wk4_ses18.CSV
2026-01-05 14:34:14,993 - DEBUG - running missing check
2026-01-05 14:34:15,000 - DEBUG - running phantom zone qc
2026-01-05 14:34:15,369 - DEBUG - running missing check
2026-01-05 14:34:15,376 - DEBUG - running phantom zone qc
2026-01-05 14:34:16,005 - DEBUG - running missing check
2026-01-05 14:34:16,012 - DEBUG - running phantom zone qc
2026-01-05 14:34:16,380 - DEBUG - running missing check
2026-01-05 14:34:16,387 - DEBUG - running phantom zone qc
2026-01-05 14:34:16,854 - DEBUG - running missing check
2026-01-05 14:34:16,860 - DEBUG - running phantom zone qc
2026-01-05 14:34:17,451 - DEBUG - running missing check
2026-01-05 14:34:17,460 - DEBUG - running phantom zone qc
2026-01-05 14:34:17,889 - DEBUG - running missing check
2026-01-05 14:34:17,896 - DEBUG - running phantom zone qc
2026-01-05 14:34:18,445 - DEBUG - running missing check
2026-01-05 14:34:18,453 - DEBUG - running phantom zone qc
2026-01-05 14:34:18,894 - DEBUG - running missing check
2026-01-05 14:34:18,905 - DEBUG - running phantom zone qc
2026-01-05 14:34:19,290 - DEBUG - running missing check
2026-01-05 14:34:19,297 - DEBUG - running phantom zone qc
2026-01-05 14:34:19,945 - DEBUG - running missing check
2026-01-05 14:34:19,954 - DEBUG - running phantom zone qc
2026-01-05 14:34:20,310 - DEBUG - running missing check
2026-01-05 14:34:20,319 - DEBUG - running phantom zone qc
2026-01-05 14:34:20,743 - DEBUG - running missing check
2026-01-05 14:34:20,751 - DEBUG - running phantom zone qc
2026-01-05 14:34:21,318 - DEBUG - running missing check
2026-01-05 14:34:21,325 - DEBUG - running phantom zone qc
2026-01-05 14:34:21,677 - DEBUG - running missing check
2026-01-05 14:34:21,685 - DEBUG - running phantom zone qc
2026-01-05 14:34:22,066 - DEBUG - running missing check
2026-01-05 14:34:22,073 - DEBUG - running phantom zone qc
2026-01-05 14:34:22,683 - DEBUG - running missing check
2026-01-05 14:34:22,693 - DEBUG - running phantom zone qc
2026-01-05 14:34:23,311 - DEBUG - running missing check
2026-01-05 14:34:23,319 - DEBUG - running phantom zone qc
2026-01-05 14:34:23,810 - DEBUG - running missing check
2026-01-05 14:34:23,817 - DEBUG - running phantom zone qc
2026-01-05 14:34:24,383 - DEBUG - running missing check
2026-01-05 14:34:24,391 - DEBUG - running phantom zone qc
2026-01-05 14:34:24,864 - DEBUG - running missing check
2026-01-05 14:34:24,872 - DEBUG - running phantom zone qc
2026-01-05 14:34:25,266 - DEBUG - running missing check
2026-01-05 14:34:25,273 - DEBUG - running phantom zone qc
2026-01-05 14:34:25,648 - DEBUG - running missing check
2026-01-05 14:34:25,656 - DEBUG - running phantom zone qc
2026-01-05 14:34:26,192 - DEBUG - running missing check
2026-01-05 14:34:26,199 - DEBUG - running phantom zone qc
2026-01-05 14:34:26,688 - DEBUG - running missing check
2026-01-05 14:34:26,694 - DEBUG - running phantom zone qc
2026-01-05 14:34:27,124 - DEBUG - running missing check
2026-01-05 14:34:27,133 - DEBUG - running phantom zone qc
2026-01-05 14:34:27,769 - DEBUG - running missing check
2026-01-05 14:34:27,777 - DEBUG - running phantom zone qc
2026-01-05 14:34:28,245 - DEBUG - running missing check
2026-01-05 14:34:28,252 - DEBUG - running phantom zone qc
2026-01-05 14:34:28,731 - DEBUG - running missing check
2026-01-05 14:34:28,738 - DEBUG - running phantom zone qc
2026-01-05 14:34:29,134 - DEBUG - running missing check
2026-01-05 14:34:29,142 - DEBUG - running phantom zone qc
2026-01-05 14:34:29,627 - DEBUG - running missing check
2026-01-05 14:34:29,635 - DEBUG - running phantom zone qc
2026-01-05 14:34:30,185 - DEBUG - running missing check
2026-01-05 14:34:30,192 - DEBUG - running phantom zone qc
2026-01-05 14:34:30,549 - DEBUG - running missing check
2026-01-05 14:34:30,557 - DEBUG - running phantom zone qc
2026-01-05 14:34:30,876 - DEBUG - running missing check
2026-01-05 14:34:30,884 - DEBUG - running phantom zone qc
2026-01-05 14:34:31,277 - DEBUG - running missing check
2026-01-05 14:34:31,285 - DEBUG - running phantom zone qc
2026-01-05 14:34:31,672 - DEBUG - running missing check
2026-01-05 14:34:31,680 - DEBUG - running phantom zone qc
2026-01-05 14:34:32,017 - DEBUG - running missing check
2026-01-05 14:34:32,025 - DEBUG - running phantom zone qc
2026-01-05 14:34:32,402 - DEBUG - running missing check
2026-01-05 14:34:32,409 - DEBUG - running phantom zone qc
2026-01-05 14:34:32,750 - DEBUG - running missing check
2026-01-05 14:34:32,757 - DEBUG - running phantom zone qc
2026-01-05 14:34:33,076 - DEBUG - running missing check
2026-01-05 14:34:33,084 - DEBUG - running phantom zone qc
2026-01-05 14:34:33,513 - DEBUG - running missing check
2026-01-05 14:34:33,521 - DEBUG - running phantom zone qc
2026-01-05 14:34:33,963 - DEBUG - running missing check
2026-01-05 14:34:33,971 - DEBUG - running phantom zone qc
2026-01-05 14:34:34,384 - DEBUG - running missing check
2026-01-05 14:34:34,392 - DEBUG - running phantom zone qc
2026-01-05 14:34:34,858 - DEBUG - running missing check
2026-01-05 14:34:34,866 - DEBUG - running phantom zone qc
2026-01-05 14:34:35,364 - DEBUG - running missing check
2026-01-05 14:34:35,372 - DEBUG - running phantom zone qc
2026-01-05 14:34:35,703 - DEBUG - running missing check
2026-01-05 14:34:35,710 - DEBUG - running phantom zone qc
2026-01-05 14:34:36,307 - DEBUG - running missing check
2026-01-05 14:34:36,315 - DEBUG - running phantom zone qc
2026-01-05 14:34:36,697 - DEBUG - running missing check
2026-01-05 14:34:36,704 - DEBUG - running phantom zone qc
2026-01-05 14:34:37,042 - DEBUG - running missing check
2026-01-05 14:34:37,049 - DEBUG - running phantom zone qc
2026-01-05 14:34:37,646 - DEBUG - running missing check
2026-01-05 14:34:37,654 - DEBUG - running phantom zone qc
2026-01-05 14:34:38,031 - DEBUG - running missing check
2026-01-05 14:34:38,039 - DEBUG - running phantom zone qc
2026-01-05 14:34:38,353 - DEBUG - running missing check
2026-01-05 14:34:38,361 - DEBUG - running phantom zone qc
2026-01-05 14:34:38,939 - DEBUG - running missing check
2026-01-05 14:34:38,947 - DEBUG - running phantom zone qc
2026-01-05 14:34:39,246 - DEBUG - running missing check
2026-01-05 14:34:39,254 - DEBUG - running phantom zone qc
2026-01-05 14:34:39,592 - DEBUG - running missing check
2026-01-05 14:34:39,600 - DEBUG - running phantom zone qc
2026-01-05 14:34:40,032 - DEBUG - running missing check
2026-01-05 14:34:40,040 - DEBUG - running phantom zone qc
2026-01-05 14:34:40,369 - DEBUG - running missing check
2026-01-05 14:34:40,379 - DEBUG - running phantom zone qc
2026-01-05 14:34:40,712 - DEBUG - running missing check
2026-01-05 14:34:40,721 - DEBUG - running phantom zone qc
2026-01-05 14:34:41,212 - DEBUG - running missing check
2026-01-05 14:34:41,219 - DEBUG - running phantom zone qc
2026-01-05 14:34:41,594 - DEBUG - running missing check
2026-01-05 14:34:41,602 - DEBUG - running phantom zone qc
2026-01-05 14:34:41,602 - DEBUG - Processing session: /mnt/lss/Projects/BOOST/InterventionStudy/3-experiment/data/polarhrcsv/Unsupervised
2026-01-05 14:34:44,191 - DEBUG - running missing check
2026-01-05 14:34:44,199 - DEBUG - running phantom zone qc
2026-01-05 14:34:44,583 - DEBUG - running missing check
2026-01-05 14:34:44,590 - DEBUG - running phantom zone qc
2026-01-05 14:34:45,261 - DEBUG - running missing check
2026-01-05 14:34:45,269 - DEBUG - running phantom zone qc
2026-01-05 14:34:45,998 - WARNING - Skipping file with long duration (0 days 12:54:07): /mnt/lss/Projects/BOOST/InterventionStudy/3-experiment/data/polarhrcsv/Unsupervised/sub8003/8003_wk10_ses17.CSV
2026-01-05 14:34:46,577 - DEBUG - running missing check
2026-01-05 14:34:46,585 - DEBUG - running phantom zone qc
2026-01-05 14:34:47,807 - WARNING - Skipping file with long duration (0 days 23:16:19): /mnt/lss/Projects/BOOST/InterventionStudy/3-experiment/data/polarhrcsv/Unsupervised/sub8003/8003_wk9_ses15.CSV
2026-01-05 14:34:48,305 - DEBUG - running missing check
2026-01-05 14:34:48,308 - DEBUG - running phantom zone qc
2026-01-05 14:34:49,196 - WARNING - Skipping file with long duration (0 days 13:50:59): /mnt/lss/Projects/BOOST/InterventionStudy/3-experiment/data/polarhrcsv/Unsupervised/sub8003/8003_wk11_ses22.CSV
2026-01-05 14:34:51,180 - DEBUG - running missing check
2026-01-05 14:34:51,193 - DEBUG - running phantom zone qc
2026-01-05 14:34:51,624 - DEBUG - running missing check
2026-01-05 14:34:51,631 - DEBUG - running phantom zone qc
2026-01-05 14:34:51,980 - DEBUG - running missing check
2026-01-05 14:34:51,988 - DEBUG - running phantom zone qc
2026-01-05 14:34:52,941 - WARNING - Skipping file with long duration (0 days 14:01:11): /mnt/lss/Projects/BOOST/InterventionStudy/3-experiment/data/polarhrcsv/Unsupervised/sub8003/8003_wk11_ses24.CSV
2026-01-05 14:34:53,512 - DEBUG - running missing check
2026-01-05 14:34:53,520 - DEBUG - running phantom zone qc
2026-01-05 14:34:53,790 - DEBUG - running missing check
2026-01-05 14:34:53,801 - DEBUG - running phantom zone qc
2026-01-05 14:34:54,566 - WARNING - Skipping file with long duration (0 days 14:25:24): /mnt/lss/Projects/BOOST/InterventionStudy/3-experiment/data/polarhrcsv/Unsupervised/sub8003/8003_wk10_ses16.CSV
2026-01-05 14:34:56,884 - WARNING - Skipping file with long duration (0 days 15:05:24): /mnt/lss/Projects/BOOST/InterventionStudy/3-experiment/data/polarhrcsv/Unsupervised/sub8003/8003_wk10_ses18.CSV
2026-01-05 14:35:01,135 - WARNING - Found 176550 time values with hour >= 24 in /mnt/lss/Projects/BOOST/InterventionStudy/3-experiment/data/polarhrcsv/Unsupervised/sub8003/8003_wk8_ses10.CSV (sample 24:00:00); normalizing to HH%24
2026-01-05 14:35:01,540 - WARNING - Skipping file with long duration (3 days 01:02:29): /mnt/lss/Projects/BOOST/InterventionStudy/3-experiment/data/polarhrcsv/Unsupervised/sub8003/8003_wk8_ses10.CSV
2026-01-05 14:35:02,128 - DEBUG - running missing check
2026-01-05 14:35:02,134 - DEBUG - running phantom zone qc
2026-01-05 14:35:03,469 - WARNING - Found 12668 time values with hour >= 24 in /mnt/lss/Projects/BOOST/InterventionStudy/3-experiment/data/polarhrcsv/Unsupervised/sub8003/8003_wk12_ses29.CSV (sample 24:00:00); normalizing to HH%24
2026-01-05 14:35:03,607 - WARNING - Skipping file with long duration (1 days 03:31:07): /mnt/lss/Projects/BOOST/InterventionStudy/3-experiment/data/polarhrcsv/Unsupervised/sub8003/8003_wk12_ses29.CSV
2026-01-05 14:35:04,784 - WARNING - Skipping file with long duration (0 days 14:54:55): /mnt/lss/Projects/BOOST/InterventionStudy/3-experiment/data/polarhrcsv/Unsupervised/sub8003/8003_wk12_ses27.CSV
2026-01-05 14:35:05,440 - DEBUG - running missing check
2026-01-05 14:35:05,447 - DEBUG - running phantom zone qc
2026-01-05 14:35:05,864 - DEBUG - running missing check
2026-01-05 14:35:05,875 - DEBUG - running phantom zone qc
2026-01-05 14:35:06,502 - DEBUG - running missing check
2026-01-05 14:35:06,510 - DEBUG - running phantom zone qc
2026-01-05 14:35:07,500 - WARNING - Skipping file with long duration (0 days 15:35:06): /mnt/lss/Projects/BOOST/InterventionStudy/3-experiment/data/polarhrcsv/Unsupervised/sub8003/8003_wk12_ses28.CSV
2026-01-05 14:35:08,175 - DEBUG - running missing check
2026-01-05 14:35:08,180 - DEBUG - running phantom zone qc
2026-01-05 14:35:08,507 - DEBUG - running missing check
2026-01-05 14:35:08,513 - DEBUG - running phantom zone qc
2026-01-05 14:35:08,905 - DEBUG - running missing check
2026-01-05 14:35:08,910 - DEBUG - running phantom zone qc
2026-01-05 14:35:09,456 - DEBUG - running missing check
2026-01-05 14:35:09,463 - DEBUG - running phantom zone qc
2026-01-05 14:35:09,938 - DEBUG - running missing check
2026-01-05 14:35:09,951 - DEBUG - running phantom zone qc
2026-01-05 14:35:10,546 - DEBUG - running missing check
2026-01-05 14:35:10,557 - DEBUG - running phantom zone qc
2026-01-05 14:35:10,988 - DEBUG - running missing check
2026-01-05 14:35:10,995 - DEBUG - running phantom zone qc
2026-01-05 14:35:11,358 - DEBUG - running missing check
2026-01-05 14:35:11,366 - DEBUG - running phantom zone qc
2026-01-05 14:35:11,729 - DEBUG - running missing check
2026-01-05 14:35:11,737 - DEBUG - running phantom zone qc
2026-01-05 14:35:12,150 - DEBUG - running missing check
2026-01-05 14:35:12,157 - DEBUG - running phantom zone qc
2026-01-05 14:35:12,606 - DEBUG - running missing check
2026-01-05 14:35:12,614 - DEBUG - running phantom zone qc
2026-01-05 14:35:13,113 - DEBUG - running missing check
2026-01-05 14:35:13,121 - DEBUG - running phantom zone qc
2026-01-05 14:35:13,485 - DEBUG - running missing check
2026-01-05 14:35:13,492 - DEBUG - running phantom zone qc
2026-01-05 14:35:14,042 - DEBUG - running missing check
2026-01-05 14:35:14,049 - DEBUG - running phantom zone qc
2026-01-05 14:35:14,476 - DEBUG - running missing check
2026-01-05 14:35:14,484 - DEBUG - running phantom zone qc
2026-01-05 14:35:14,846 - DEBUG - running missing check
2026-01-05 14:35:14,853 - DEBUG - running phantom zone qc
2026-01-05 14:35:15,457 - DEBUG - running missing check
2026-01-05 14:35:15,464 - DEBUG - running phantom zone qc
2026-01-05 14:35:15,784 - DEBUG - running missing check
2026-01-05 14:35:15,792 - DEBUG - running phantom zone qc
2026-01-05 14:35:16,185 - DEBUG - running missing check
2026-01-05 14:35:16,192 - DEBUG - running phantom zone qc
2026-01-05 14:35:16,801 - DEBUG - running missing check
2026-01-05 14:35:16,809 - DEBUG - running phantom zone qc
2026-01-05 14:35:17,148 - DEBUG - running missing check
2026-01-05 14:35:17,157 - DEBUG - running phantom zone qc
2026-01-05 14:35:17,508 - DEBUG - running missing check
2026-01-05 14:35:17,516 - DEBUG - running phantom zone qc
2026-01-05 14:35:18,098 - DEBUG - running missing check
2026-01-05 14:35:18,107 - DEBUG - running phantom zone qc
2026-01-05 14:35:18,468 - DEBUG - running missing check
2026-01-05 14:35:18,476 - DEBUG - running phantom zone qc
2026-01-05 14:35:18,871 - DEBUG - running missing check
2026-01-05 14:35:18,878 - DEBUG - running phantom zone qc
2026-01-05 14:35:19,352 - DEBUG - running missing check
2026-01-05 14:35:19,374 - DEBUG - running phantom zone qc
2026-01-05 14:35:19,734 - DEBUG - running missing check
2026-01-05 14:35:19,741 - DEBUG - running phantom zone qc
2026-01-05 14:35:20,128 - DEBUG - running missing check
2026-01-05 14:35:20,136 - DEBUG - running phantom zone qc
2026-01-05 14:35:22,069 - DEBUG - running missing check
2026-01-05 14:35:22,076 - DEBUG - running phantom zone qc
2026-01-05 14:35:22,690 - DEBUG - running missing check
2026-01-05 14:35:22,697 - DEBUG - running phantom zone qc
2026-01-05 14:35:23,017 - DEBUG - running missing check
2026-01-05 14:35:23,024 - DEBUG - running phantom zone qc
2026-01-05 14:35:23,411 - DEBUG - running missing check
2026-01-05 14:35:23,418 - DEBUG - running phantom zone qc
2026-01-05 14:35:23,952 - DEBUG - running missing check
2026-01-05 14:35:23,960 - DEBUG - running phantom zone qc
2026-01-05 14:35:24,380 - DEBUG - running missing check
2026-01-05 14:35:24,388 - DEBUG - running phantom zone qc
2026-01-05 14:35:24,645 - DEBUG - running missing check
2026-01-05 14:35:24,653 - DEBUG - running phantom zone qc
2026-01-05 14:35:25,113 - DEBUG - running missing check
2026-01-05 14:35:25,123 - DEBUG - running phantom zone qc
2026-01-05 14:35:26,077 - DEBUG - running missing check
2026-01-05 14:35:26,085 - DEBUG - running phantom zone qc
2026-01-05 14:35:26,496 - DEBUG - running missing check
2026-01-05 14:35:26,503 - DEBUG - running phantom zone qc
2026-01-05 14:35:26,775 - DEBUG - running missing check
2026-01-05 14:35:26,782 - DEBUG - running phantom zone qc
2026-01-05 14:35:27,181 - DEBUG - running missing check
2026-01-05 14:35:27,186 - DEBUG - running phantom zone qc
2026-01-05 14:35:27,553 - DEBUG - running missing check
2026-01-05 14:35:27,559 - DEBUG - running phantom zone qc
2026-01-05 14:35:27,838 - DEBUG - running missing check
2026-01-05 14:35:27,844 - DEBUG - running phantom zone qc
2026-01-05 14:35:28,345 - DEBUG - running missing check
2026-01-05 14:35:28,353 - DEBUG - running phantom zone qc
2026-01-05 14:35:28,831 - DEBUG - running missing check
2026-01-05 14:35:28,839 - DEBUG - running phantom zone qc
2026-01-05 14:35:29,364 - DEBUG - running missing check
2026-01-05 14:35:29,371 - DEBUG - running phantom zone qc
2026-01-05 14:35:30,067 - DEBUG - running missing check
2026-01-05 14:35:30,074 - DEBUG - running phantom zone qc
2026-01-05 14:35:30,721 - DEBUG - running missing check
2026-01-05 14:35:30,729 - DEBUG - running phantom zone qc
2026-01-05 14:35:31,068 - DEBUG - running missing check
2026-01-05 14:35:31,077 - DEBUG - running phantom zone qc
2026-01-05 14:35:31,506 - DEBUG - running missing check
2026-01-05 14:35:31,513 - DEBUG - running phantom zone qc
2026-01-05 14:35:32,039 - DEBUG - running missing check
2026-01-05 14:35:32,048 - DEBUG - running phantom zone qc
2026-01-05 14:35:32,434 - DEBUG - running missing check
2026-01-05 14:35:32,441 - DEBUG - running phantom zone qc
2026-01-05 14:35:32,726 - DEBUG - running missing check
2026-01-05 14:35:32,734 - DEBUG - running phantom zone qc
2026-01-05 14:35:33,170 - DEBUG - running missing check
2026-01-05 14:35:33,178 - DEBUG - running phantom zone qc
2026-01-05 14:35:33,505 - DEBUG - running missing check
2026-01-05 14:35:33,512 - DEBUG - running phantom zone qc
2026-01-05 14:35:33,806 - DEBUG - running missing check
2026-01-05 14:35:33,813 - DEBUG - running phantom zone qc
2026-01-05 14:35:34,582 - DEBUG - running missing check
2026-01-05 14:35:34,589 - DEBUG - running phantom zone qc
2026-01-05 14:35:35,002 - DEBUG - running missing check
2026-01-05 14:35:35,009 - DEBUG - running phantom zone qc
2026-01-05 14:35:35,548 - DEBUG - running missing check
2026-01-05 14:35:35,556 - DEBUG - running phantom zone qc
2026-01-05 14:35:35,985 - DEBUG - running missing check
2026-01-05 14:35:35,992 - DEBUG - running phantom zone qc
2026-01-05 14:35:36,332 - DEBUG - running missing check
2026-01-05 14:35:36,339 - DEBUG - running phantom zone qc
2026-01-05 14:35:36,942 - DEBUG - running missing check
2026-01-05 14:35:36,949 - DEBUG - running phantom zone qc
2026-01-05 14:35:37,312 - DEBUG - running missing check
2026-01-05 14:35:37,319 - DEBUG - running phantom zone qc
2026-01-05 14:35:37,677 - DEBUG - running missing check
2026-01-05 14:35:37,684 - DEBUG - running phantom zone qc
2026-01-05 14:35:38,280 - DEBUG - running missing check
2026-01-05 14:35:38,287 - DEBUG - running phantom zone qc
2026-01-05 14:35:38,858 - DEBUG - running missing check
2026-01-05 14:35:38,869 - DEBUG - running phantom zone qc
2026-01-05 14:35:39,452 - DEBUG - running missing check
2026-01-05 14:35:39,460 - DEBUG - running phantom zone qc
2026-01-05 14:35:39,761 - DEBUG - running missing check
2026-01-05 14:35:39,768 - DEBUG - running phantom zone qc
2026-01-05 14:35:40,039 - DEBUG - running missing check
2026-01-05 14:35:40,047 - DEBUG - running phantom zone qc
2026-01-05 14:35:40,546 - DEBUG - running missing check
2026-01-05 14:35:40,553 - DEBUG - running phantom zone qc
2026-01-05 14:35:40,845 - DEBUG - running missing check
2026-01-05 14:35:40,853 - DEBUG - running phantom zone qc
2026-01-05 14:35:41,103 - DEBUG - running missing check
2026-01-05 14:35:41,111 - DEBUG - running phantom zone qc
2026-01-05 14:35:42,008 - DEBUG - running missing check
2026-01-05 14:35:42,016 - DEBUG - running phantom zone qc
2026-01-05 14:35:42,289 - DEBUG - running missing check
2026-01-05 14:35:42,296 - DEBUG - running phantom zone qc
2026-01-05 14:35:42,639 - DEBUG - running missing check
2026-01-05 14:35:42,651 - DEBUG - running phantom zone qc
2026-01-05 14:35:43,058 - DEBUG - running missing check
2026-01-05 14:35:43,066 - DEBUG - running phantom zone qc
2026-01-05 14:35:43,344 - DEBUG - running missing check
2026-01-05 14:35:43,351 - DEBUG - running phantom zone qc
2026-01-05 14:35:43,685 - DEBUG - running missing check
2026-01-05 14:35:43,692 - DEBUG - running phantom zone qc
2026-01-05 14:35:44,174 - DEBUG - running missing check
2026-01-05 14:35:44,182 - DEBUG - running phantom zone qc
2026-01-05 14:35:44,564 - DEBUG - running missing check
2026-01-05 14:35:44,572 - DEBUG - running phantom zone qc
2026-01-05 14:35:45,380 - DEBUG - running missing check
2026-01-05 14:35:45,387 - DEBUG - running phantom zone qc
2026-01-05 14:35:46,372 - DEBUG - running missing check
2026-01-05 14:35:46,381 - DEBUG - running phantom zone qc
2026-01-05 14:35:46,818 - DEBUG - running missing check
2026-01-05 14:35:46,825 - DEBUG - running phantom zone qc
2026-01-05 14:35:47,150 - DEBUG - running missing check
2026-01-05 14:35:47,158 - DEBUG - running phantom zone qc
2026-01-05 14:35:47,621 - DEBUG - running missing check
2026-01-05 14:35:47,640 - DEBUG - running phantom zone qc
2026-01-05 14:35:48,084 - DEBUG - running missing check
2026-01-05 14:35:48,089 - DEBUG - running phantom zone qc
2026-01-05 14:35:48,436 - DEBUG - running missing check
2026-01-05 14:35:48,442 - DEBUG - running phantom zone qc
2026-01-05 14:35:48,777 - DEBUG - running missing check
2026-01-05 14:35:48,784 - DEBUG - running phantom zone qc
2026-01-05 14:35:49,228 - DEBUG - running missing check
2026-01-05 14:35:49,235 - DEBUG - running phantom zone qc
2026-01-05 14:35:49,672 - DEBUG - running missing check
2026-01-05 14:35:49,680 - DEBUG - running phantom zone qc
2026-01-05 14:35:50,157 - DEBUG - running missing check
2026-01-05 14:35:50,165 - DEBUG - running phantom zone qc
2026-01-05 14:35:50,653 - DEBUG - running missing check
2026-01-05 14:35:50,658 - DEBUG - running phantom zone qc
2026-01-05 14:35:51,101 - DEBUG - running missing check
2026-01-05 14:35:51,110 - DEBUG - running phantom zone qc
2026-01-05 14:35:51,434 - DEBUG - running missing check
2026-01-05 14:35:51,443 - DEBUG - running phantom zone qc
2026-01-05 14:35:54,245 - DEBUG - running missing check
2026-01-05 14:35:54,253 - DEBUG - running phantom zone qc
2026-01-05 14:35:54,642 - DEBUG - running missing check
2026-01-05 14:35:54,649 - DEBUG - running phantom zone qc
2026-01-05 14:35:55,411 - DEBUG - running missing check
2026-01-05 14:35:55,419 - DEBUG - running phantom zone qc
2026-01-05 14:35:55,912 - DEBUG - running missing check
2026-01-05 14:35:55,919 - DEBUG - running phantom zone qc
2026-01-05 14:35:56,453 - DEBUG - running missing check
2026-01-05 14:35:56,461 - DEBUG - running phantom zone qc
2026-01-05 14:35:56,880 - DEBUG - running missing check
2026-01-05 14:35:56,887 - DEBUG - running phantom zone qc
2026-01-05 14:35:57,264 - DEBUG - running missing check
2026-01-05 14:35:57,269 - DEBUG - running phantom zone qc
2026-01-05 14:35:58,881 - WARNING - Skipping file with long duration (0 days 21:03:06): /mnt/lss/Projects/BOOST/InterventionStudy/3-experiment/data/polarhrcsv/Unsupervised/sub8002/8002_wk9_ses13.CSV
2026-01-05 14:35:59,457 - DEBUG - running missing check
2026-01-05 14:35:59,463 - DEBUG - running phantom zone qc
2026-01-05 14:35:59,748 - DEBUG - running missing check
2026-01-05 14:35:59,755 - DEBUG - running phantom zone qc
2026-01-05 14:36:00,172 - DEBUG - running missing check
2026-01-05 14:36:00,186 - DEBUG - running phantom zone qc
2026-01-05 14:36:00,827 - DEBUG - running missing check
2026-01-05 14:36:00,835 - DEBUG - running phantom zone qc
2026-01-05 14:36:01,414 - DEBUG - running missing check
2026-01-05 14:36:01,425 - DEBUG - running phantom zone qc
2026-01-05 14:36:02,013 - DEBUG - running missing check
2026-01-05 14:36:02,033 - DEBUG - running phantom zone qc
2026-01-05 14:36:03,026 - DEBUG - running missing check
2026-01-05 14:36:03,035 - DEBUG - running phantom zone qc
2026-01-05 14:36:03,578 - DEBUG - running missing check
2026-01-05 14:36:03,602 - DEBUG - running phantom zone qc
2026-01-05 14:36:04,161 - DEBUG - running missing check
2026-01-05 14:36:04,171 - DEBUG - running phantom zone qc
2026-01-05 14:36:04,612 - DEBUG - running missing check
2026-01-05 14:36:04,620 - DEBUG - running phantom zone qc
2026-01-05 14:36:05,142 - DEBUG - running missing check
2026-01-05 14:36:05,150 - DEBUG - running phantom zone qc
2026-01-05 14:36:05,514 - DEBUG - running missing check
2026-01-05 14:36:05,521 - DEBUG - running phantom zone qc
2026-01-05 14:36:05,979 - DEBUG - running missing check
2026-01-05 14:36:05,987 - DEBUG - running phantom zone qc
2026-01-05 14:36:06,568 - DEBUG - running missing check
2026-01-05 14:36:06,576 - DEBUG - running phantom zone qc
2026-01-05 14:36:07,055 - DEBUG - running missing check
2026-01-05 14:36:07,063 - DEBUG - running phantom zone qc
2026-01-05 14:36:07,582 - DEBUG - running missing check
2026-01-05 14:36:07,588 - DEBUG - running phantom zone qc
2026-01-05 14:36:07,913 - DEBUG - running missing check
2026-01-05 14:36:07,919 - DEBUG - running phantom zone qc
2026-01-05 14:36:08,445 - DEBUG - running missing check
2026-01-05 14:36:08,452 - DEBUG - running phantom zone qc
2026-01-05 14:36:08,912 - DEBUG - running missing check
2026-01-05 14:36:08,920 - DEBUG - running phantom zone qc
2026-01-05 14:36:09,275 - DEBUG - running missing check
2026-01-05 14:36:09,283 - DEBUG - running phantom zone qc
2026-01-05 14:36:09,947 - DEBUG - running missing check
2026-01-05 14:36:09,959 - DEBUG - running phantom zone qc
2026-01-05 14:36:10,289 - DEBUG - running missing check
2026-01-05 14:36:10,296 - DEBUG - running phantom zone qc
2026-01-05 14:36:10,682 - DEBUG - running missing check
2026-01-05 14:36:10,689 - DEBUG - running phantom zone qc
2026-01-05 14:36:11,207 - DEBUG - running missing check
2026-01-05 14:36:11,214 - DEBUG - running phantom zone qc
2026-01-05 14:36:11,527 - WARNING - Skipping file with long duration (0 days 04:52:27): /mnt/lss/Projects/BOOST/InterventionStudy/3-experiment/data/polarhrcsv/Unsupervised/sub8011/Boost_Sub8011_2025-04-18_21-18-40.CSV
2026-01-05 14:36:11,849 - DEBUG - running missing check
2026-01-05 14:36:11,856 - DEBUG - running phantom zone qc
2026-01-05 14:36:12,315 - DEBUG - running missing check
2026-01-05 14:36:12,323 - DEBUG - running phantom zone qc
2026-01-05 14:36:12,628 - DEBUG - running missing check
2026-01-05 14:36:12,635 - DEBUG - running phantom zone qc
2026-01-05 14:36:13,202 - DEBUG - running missing check
2026-01-05 14:36:13,210 - DEBUG - running phantom zone qc
2026-01-05 14:36:13,657 - DEBUG - running missing check
2026-01-05 14:36:13,664 - DEBUG - running phantom zone qc
2026-01-05 14:36:15,676 - WARNING - Found 41732 time values with hour >= 24 in /mnt/lss/Projects/BOOST/InterventionStudy/3-experiment/data/polarhrcsv/Unsupervised/sub8011/Boost_Sub8011_2025-05-24_20-37-26.CSV (sample 24:00:00); normalizing to HH%24
2026-01-05 14:36:15,855 - WARNING - Skipping file with long duration (1 days 11:35:31): /mnt/lss/Projects/BOOST/InterventionStudy/3-experiment/data/polarhrcsv/Unsupervised/sub8011/Boost_Sub8011_2025-05-24_20-37-26.CSV
2026-01-05 14:36:16,836 - WARNING - Skipping file with long duration (0 days 11:33:20): /mnt/lss/Projects/BOOST/InterventionStudy/3-experiment/data/polarhrcsv/Unsupervised/sub8011/Boost_Sub8011_2025-05-08_20-46-27.CSV
2026-01-05 14:36:17,665 - DEBUG - running missing check
2026-01-05 14:36:17,672 - DEBUG - running phantom zone qc
2026-01-05 14:36:18,159 - DEBUG - running missing check
2026-01-05 14:36:18,167 - DEBUG - running phantom zone qc
2026-01-05 14:36:18,641 - DEBUG - running missing check
2026-01-05 14:36:18,648 - DEBUG - running phantom zone qc
2026-01-05 14:36:18,962 - DEBUG - running missing check
2026-01-05 14:36:18,970 - DEBUG - running phantom zone qc
2026-01-05 14:36:19,629 - DEBUG - running missing check
2026-01-05 14:36:19,636 - DEBUG - running phantom zone qc
2026-01-05 14:36:19,992 - DEBUG - running missing check
2026-01-05 14:36:20,005 - DEBUG - running phantom zone qc
2026-01-05 14:36:20,375 - DEBUG - running missing check
2026-01-05 14:36:20,382 - DEBUG - running phantom zone qc
2026-01-05 14:36:21,016 - DEBUG - running missing check
2026-01-05 14:36:21,024 - DEBUG - running phantom zone qc
2026-01-05 14:36:21,352 - DEBUG - running missing check
2026-01-05 14:36:21,382 - DEBUG - running phantom zone qc
2026-01-05 14:36:21,820 - DEBUG - running missing check
2026-01-05 14:36:21,828 - DEBUG - running phantom zone qc
2026-01-05 14:36:22,367 - DEBUG - running missing check
2026-01-05 14:36:22,375 - DEBUG - running phantom zone qc
2026-01-05 14:36:22,791 - DEBUG - running missing check
2026-01-05 14:36:22,798 - DEBUG - running phantom zone qc
2026-01-05 14:36:23,165 - DEBUG - running missing check
2026-01-05 14:36:23,173 - DEBUG - running phantom zone qc
2026-01-05 14:36:23,690 - DEBUG - running missing check
2026-01-05 14:36:23,698 - DEBUG - running phantom zone qc
2026-01-05 14:36:24,042 - DEBUG - running missing check
2026-01-05 14:36:24,049 - DEBUG - running phantom zone qc
2026-01-05 14:36:24,324 - DEBUG - running missing check
2026-01-05 14:36:24,332 - DEBUG - running phantom zone qc
2026-01-05 14:36:24,775 - DEBUG - running missing check
2026-01-05 14:36:24,783 - DEBUG - running phantom zone qc
2026-01-05 14:36:25,129 - DEBUG - running missing check
2026-01-05 14:36:25,136 - DEBUG - running phantom zone qc
2026-01-05 14:36:25,423 - DEBUG - running missing check
2026-01-05 14:36:25,430 - DEBUG - running phantom zone qc
2026-01-05 14:36:25,885 - DEBUG - running missing check
2026-01-05 14:36:25,894 - DEBUG - running phantom zone qc
2026-01-05 14:36:26,226 - DEBUG - running missing check
2026-01-05 14:36:26,233 - DEBUG - running phantom zone qc
2026-01-05 14:36:26,549 - DEBUG - running missing check
2026-01-05 14:36:26,557 - DEBUG - running phantom zone qc
2026-01-05 14:36:27,002 - DEBUG - running missing check
2026-01-05 14:36:27,024 - DEBUG - running phantom zone qc
2026-01-05 14:36:27,829 - DEBUG - running missing check
2026-01-05 14:36:27,836 - DEBUG - running phantom zone qc
2026-01-05 14:36:28,407 - DEBUG - running missing check
2026-01-05 14:36:28,415 - DEBUG - running phantom zone qc
2026-01-05 14:36:28,674 - DEBUG - running missing check
2026-01-05 14:36:28,681 - DEBUG - running phantom zone qc
2026-01-05 14:36:28,745 - INFO - QC summary written: /home/zak/work/hbc/boost/hr-py/qc_out.csv (97 rows)
2026-01-05 14:36:32,688 - DEBUG - Subject sub8000: sup_n=27, sup_den=30, unsup_n=24, unsup_den=25
2026-01-05 14:36:33,004 - DEBUG - Subject sub8001: sup_n=0, sup_den=0, unsup_n=0, unsup_den=0
2026-01-05 14:36:33,455 - DEBUG - Subject sub8002: sup_n=20, sup_den=30, unsup_n=27, unsup_den=30
2026-01-05 14:36:33,888 - DEBUG - Subject sub8003: sup_n=29, sup_den=30, unsup_n=30, unsup_den=30
2026-01-05 14:36:34,296 - DEBUG - Subject sub8004: sup_n=30, sup_den=30, unsup_n=18, unsup_den=25
2026-01-05 14:36:34,715 - DEBUG - Subject sub8005: sup_n=30, sup_den=30, unsup_n=30, unsup_den=30
2026-01-05 14:36:35,070 - DEBUG - Subject sub8006: sup_n=30, sup_den=30, unsup_n=25, unsup_den=30
2026-01-05 14:36:35,994 - DEBUG - Subject sub8007: sup_n=0, sup_den=0, unsup_n=0, unsup_den=0
2026-01-05 14:36:36,426 - DEBUG - Subject sub8008: sup_n=25, sup_den=30, unsup_n=16, unsup_den=30
2026-01-05 14:36:36,732 - DEBUG - Subject sub8009: sup_n=0, sup_den=0, unsup_n=0, unsup_den=0
2026-01-05 14:36:37,033 - DEBUG - Subject sub8010: sup_n=0, sup_den=0, unsup_n=0, unsup_den=0
2026-01-05 14:36:37,470 - DEBUG - Subject sub8011: sup_n=18, sup_den=20, unsup_n=13, unsup_den=0
2026-01-05 14:36:37,655 - DEBUG - Subject sub8014: sup_n=0, sup_den=0, unsup_n=0, unsup_den=0
2026-01-05 14:36:38,078 - DEBUG - Subject sub8016: sup_n=30, sup_den=30, unsup_n=0, unsup_den=0
2026-01-05 14:36:38,540 - DEBUG - Subject sub8017: sup_n=29, sup_den=30, unsup_n=0, unsup_den=0
2026-01-05 14:36:38,859 - DEBUG - Subject sub8018: sup_n=0, sup_den=0, unsup_n=0, unsup_den=0
2026-01-05 14:36:39,271 - DEBUG - Subject sub8019: sup_n=26, sup_den=27, unsup_n=0, unsup_den=0
2026-01-05 14:36:39,644 - DEBUG - Subject sub8020: sup_n=30, sup_den=30, unsup_n=0, unsup_den=0
2026-01-05 14:36:39,798 - DEBUG - Subject sub8021: sup_n=0, sup_den=0, unsup_n=0, unsup_den=0
2026-01-05 14:36:40,172 - DEBUG - Subject sub8022: sup_n=27, sup_den=28, unsup_n=0, unsup_den=0
2026-01-05 14:36:40,352 - DEBUG - Subject sub8024: sup_n=0, sup_den=0, unsup_n=0, unsup_den=0
2026-01-05 14:36:42,163 - DEBUG - Subject sub8026: sup_n=9, sup_den=15, unsup_n=0, unsup_den=0
2026-01-05 14:36:42,443 - DEBUG - Subject sub8030: sup_n=30, sup_den=30, unsup_n=0, unsup_den=0
2026-01-05 14:36:42,606 - DEBUG - Subject sub8035: sup_n=1, sup_den=2, unsup_n=0, unsup_den=0
